<?xml version="1.0" encoding="utf-8"?>
<test-run id="2" testcasecount="436" result="Failed(Child)" total="436" passed="431" failed="5" inconclusive="0" skipped="0" asserts="0" engine-version="3.5.0.0" clr-version="4.0.30319.42000" start-time="2026-03-29 07:46:16Z" end-time="2026-03-29 07:46:20Z" duration="3.8672233">
  <test-suite type="TestSuite" id="1472" name="ProjectCleanPro" fullname="ProjectCleanPro" runstate="Runnable" testcasecount="436" result="Failed" site="Child" start-time="2026-03-29 07:46:16Z" end-time="2026-03-29 07:46:20Z" duration="3.867223" total="436" passed="431" failed="5" inconclusive="0" skipped="0" asserts="0">
    <properties>
      <property name="platform" value="EditMode" />
    </properties>
    <failure>
      <message><![CDATA[One or more child tests had errors]]></message>
    </failure>
    <test-suite type="Assembly" id="1456" name="ProjectCleanPro.Tests.Editor.dll" fullname="C:/Ahmed/Dev/Unity/ProjectCleanPro/Library/ScriptAssemblies/ProjectCleanPro.Tests.Editor.dll" runstate="Runnable" testcasecount="435" result="Failed" site="Child" start-time="2026-03-29 07:46:16Z" end-time="2026-03-29 07:46:19Z" duration="3.781224" total="435" passed="430" failed="5" inconclusive="0" skipped="0" asserts="0">
      <properties>
        <property name="_PID" value="16336" />
        <property name="_APPDOMAIN" value="Unity Child Domain" />
        <property name="platform" value="EditMode" />
        <property name="EditorOnly" value="True" />
      </properties>
      <failure>
        <message><![CDATA[One or more child tests had errors]]></message>
      </failure>
      <test-suite type="TestSuite" id="1457" name="ProjectCleanPro" fullname="ProjectCleanPro" runstate="Runnable" testcasecount="435" result="Failed" site="Child" start-time="2026-03-29 07:46:16Z" end-time="2026-03-29 07:46:19Z" duration="3.776850" total="435" passed="430" failed="5" inconclusive="0" skipped="0" asserts="0">
        <properties />
        <failure>
          <message><![CDATA[One or more child tests had errors]]></message>
        </failure>
        <test-suite type="TestSuite" id="1458" name="Tests" fullname="ProjectCleanPro.Tests" runstate="Runnable" testcasecount="435" result="Failed" site="Child" start-time="2026-03-29 07:46:16Z" end-time="2026-03-29 07:46:19Z" duration="3.773005" total="435" passed="430" failed="5" inconclusive="0" skipped="0" asserts="0">
          <properties />
          <failure>
            <message><![CDATA[One or more child tests had errors]]></message>
          </failure>
          <test-suite type="TestSuite" id="1459" name="Editor" fullname="ProjectCleanPro.Tests.Editor" runstate="Runnable" testcasecount="435" result="Failed" site="Child" start-time="2026-03-29 07:46:16Z" end-time="2026-03-29 07:46:19Z" duration="3.768970" total="435" passed="430" failed="5" inconclusive="0" skipped="0" asserts="0">
            <properties />
            <failure>
              <message><![CDATA[One or more child tests had errors]]></message>
            </failure>
            <test-suite type="TestFixture" id="1001" name="PCPAssetUtilsTests" fullname="ProjectCleanPro.Tests.Editor.PCPAssetUtilsTests" classname="ProjectCleanPro.Tests.Editor.PCPAssetUtilsTests" runstate="Runnable" testcasecount="30" result="Passed" start-time="2026-03-29 07:46:16Z" end-time="2026-03-29 07:46:16Z" duration="0.029404" total="30" passed="30" failed="0" inconclusive="0" skipped="0" asserts="0">
              <properties />
              <test-case id="1027" name="FormatSize_1023Bytes_StillBytes" fullname="ProjectCleanPro.Tests.Editor.PCPAssetUtilsTests.FormatSize_1023Bytes_StillBytes" methodname="FormatSize_1023Bytes_StillBytes" classname="ProjectCleanPro.Tests.Editor.PCPAssetUtilsTests" runstate="Runnable" seed="1705874886" result="Passed" start-time="2026-03-29 07:46:16Z" end-time="2026-03-29 07:46:16Z" duration="0.007825" asserts="0">
                <properties>
                  <property name="retryIteration" value="0" />
                  <property name="repeatIteration" value="0" />
                </properties>
              </test-case>
              <test-case id="1022" name="FormatSize_Bytes" fullname="ProjectCleanPro.Tests.Editor.PCPAssetUtilsTests.FormatSize_Bytes" methodname="FormatSize_Bytes" classname="ProjectCleanPro.Tests.Editor.PCPAssetUtilsTests" runstate="Runnable" seed="1124237828" result="Passed" start-time="2026-03-29 07:46:16Z" end-time="2026-03-29 07:46:16Z" duration="0.000142" asserts="0">
                <properties>
                  <property name="retryIteration" value="0" />
                  <property name="repeatIteration" value="0" />
                </properties>
              </test-case>
              <test-case id="1025" name="FormatSize_Gigabytes" fullname="ProjectCleanPro.Tests.Editor.PCPAssetUtilsTests.FormatSize_Gigabytes" methodname="FormatSize_Gigabytes" classname="ProjectCleanPro.Tests.Editor.PCPAssetUtilsTests" runstate="Runnable" seed="733851771" result="Passed" start-time="2026-03-29 07:46:16Z" end-time="2026-03-29 07:46:16Z" duration="0.000334" asserts="0">
                <properties>
                  <property name="retryIteration" value="0" />
                  <property name="repeatIteration" value="0" />
                </properties>
              </test-case>
              <test-case id="1023" name="FormatSize_Kilobytes" fullname="ProjectCleanPro.Tests.Editor.PCPAssetUtilsTests.FormatSize_Kilobytes" methodname="FormatSize_Kilobytes" classname="ProjectCleanPro.Tests.Editor.PCPAssetUtilsTests" runstate="Runnable" seed="1398143495" result="Passed" start-time="2026-03-29 07:46:16Z" end-time="2026-03-29 07:46:16Z" duration="0.000149" asserts="0">
                <properties>
                  <property name="retryIteration" value="0" />
                  <property name="repeatIteration" value="0" />
                </properties>
              </test-case>
              <test-case id="1024" name="FormatSize_Megabytes" fullname="ProjectCleanPro.Tests.Editor.PCPAssetUtilsTests.FormatSize_Megabytes" methodname="FormatSize_Megabytes" classname="ProjectCleanPro.Tests.Editor.PCPAssetUtilsTests" runstate="Runnable" seed="39406128" result="Passed" start-time="2026-03-29 07:46:16Z" end-time="2026-03-29 07:46:16Z" duration="0.000164" asserts="0">
                <properties>
                  <property name="retryIteration" value="0" />
                  <property name="repeatIteration" value="0" />
                </properties>
              </test-case>
              <test-case id="1026" name="FormatSize_NegativeBytes_TreatedAsZero" fullname="ProjectCleanPro.Tests.Editor.PCPAssetUtilsTests.FormatSize_NegativeBytes_TreatedAsZero" methodname="FormatSize_NegativeBytes_TreatedAsZero" classname="ProjectCleanPro.Tests.Editor.PCPAssetUtilsTests" runstate="Runnable" seed="302165846" result="Passed" start-time="2026-03-29 07:46:16Z" end-time="2026-03-29 07:46:16Z" duration="0.000119" asserts="0">
                <properties>
                  <property name="retryIteration" value="0" />
                  <property name="repeatIteration" value="0" />
                </properties>
              </test-case>
              <test-case id="1028" name="FormatSize_SpecificKilobytes" fullname="ProjectCleanPro.Tests.Editor.PCPAssetUtilsTests.FormatSize_SpecificKilobytes" methodname="FormatSize_SpecificKilobytes" classname="ProjectCleanPro.Tests.Editor.PCPAssetUtilsTests" runstate="Runnable" seed="356097419" result="Passed" start-time="2026-03-29 07:46:16Z" end-time="2026-03-29 07:46:16Z" duration="0.000129" asserts="0">
                <properties>
                  <property name="retryIteration" value="0" />
                  <property name="repeatIteration" value="0" />
                </properties>
              </test-case>
              <test-case id="1029" name="FormatSize_SpecificMegabytes" fullname="ProjectCleanPro.Tests.Editor.PCPAssetUtilsTests.FormatSize_SpecificMegabytes" methodname="FormatSize_SpecificMegabytes" classname="ProjectCleanPro.Tests.Editor.PCPAssetUtilsTests" runstate="Runnable" seed="1585422419" result="Passed" start-time="2026-03-29 07:46:16Z" end-time="2026-03-29 07:46:16Z" duration="0.000125" asserts="0">
                <properties>
                  <property name="retryIteration" value="0" />
                  <property name="repeatIteration" value="0" />
                </properties>
              </test-case>
              <test-case id="1021" name="FormatSize_ZeroBytes" fullname="ProjectCleanPro.Tests.Editor.PCPAssetUtilsTests.FormatSize_ZeroBytes" methodname="FormatSize_ZeroBytes" classname="ProjectCleanPro.Tests.Editor.PCPAssetUtilsTests" runstate="Runnable" seed="247267597" result="Passed" start-time="2026-03-29 07:46:16Z" end-time="2026-03-29 07:46:16Z" duration="0.000114" asserts="0">
                <properties>
                  <property name="retryIteration" value="0" />
                  <property name="repeatIteration" value="0" />
                </properties>
              </test-case>
              <test-case id="1031" name="GetAssetType_EmptyPath_ReturnsNull" fullname="ProjectCleanPro.Tests.Editor.PCPAssetUtilsTests.GetAssetType_EmptyPath_ReturnsNull" methodname="GetAssetType_EmptyPath_ReturnsNull" classname="ProjectCleanPro.Tests.Editor.PCPAssetUtilsTests" runstate="Runnable" seed="2133515106" result="Passed" start-time="2026-03-29 07:46:16Z" end-time="2026-03-29 07:46:16Z" duration="0.000252" asserts="0">
                <properties>
                  <property name="retryIteration" value="0" />
                  <property name="repeatIteration" value="0" />
                </properties>
              </test-case>
              <test-case id="1030" name="GetAssetType_NullPath_ReturnsNull" fullname="ProjectCleanPro.Tests.Editor.PCPAssetUtilsTests.GetAssetType_NullPath_ReturnsNull" methodname="GetAssetType_NullPath_ReturnsNull" classname="ProjectCleanPro.Tests.Editor.PCPAssetUtilsTests" runstate="Runnable" seed="143761281" result="Passed" start-time="2026-03-29 07:46:16Z" end-time="2026-03-29 07:46:16Z" duration="0.000114" asserts="0">
                <properties>
                  <property name="retryIteration" value="0" />
                  <property name="repeatIteration" value="0" />
                </properties>
              </test-case>
              <test-case id="1014" name="IsEditorOnlyPath_BackslashPath_StillWorks" fullname="ProjectCleanPro.Tests.Editor.PCPAssetUtilsTests.IsEditorOnlyPath_BackslashPath_StillWorks" methodname="IsEditorOnlyPath_BackslashPath_StillWorks" classname="ProjectCleanPro.Tests.Editor.PCPAssetUtilsTests" runstate="Runnable" seed="542884544" result="Passed" start-time="2026-03-29 07:46:16Z" end-time="2026-03-29 07:46:16Z" duration="0.000235" asserts="0">
                <properties>
                  <property name="retryIteration" value="0" />
                  <property name="repeatIteration" value="0" />
                </properties>
              </test-case>
              <test-case id="1011" name="IsEditorOnlyPath_EditorInFileName_ReturnsFalse" fullname="ProjectCleanPro.Tests.Editor.PCPAssetUtilsTests.IsEditorOnlyPath_EditorInFileName_ReturnsFalse" methodname="IsEditorOnlyPath_EditorInFileName_ReturnsFalse" classname="ProjectCleanPro.Tests.Editor.PCPAssetUtilsTests" runstate="Runnable" seed="815064241" result="Passed" start-time="2026-03-29 07:46:16Z" end-time="2026-03-29 07:46:16Z" duration="0.000244" asserts="0">
                <properties>
                  <property name="retryIteration" value="0" />
                  <property name="repeatIteration" value="0" />
                </properties>
              </test-case>
              <test-case id="1009" name="IsEditorOnlyPath_EditorInMiddle_ReturnsTrue" fullname="ProjectCleanPro.Tests.Editor.PCPAssetUtilsTests.IsEditorOnlyPath_EditorInMiddle_ReturnsTrue" methodname="IsEditorOnlyPath_EditorInMiddle_ReturnsTrue" classname="ProjectCleanPro.Tests.Editor.PCPAssetUtilsTests" runstate="Runnable" seed="157328360" result="Passed" start-time="2026-03-29 07:46:16Z" end-time="2026-03-29 07:46:16Z" duration="0.000112" asserts="0">
                <properties>
                  <property name="retryIteration" value="0" />
                  <property name="repeatIteration" value="0" />
                </properties>
              </test-case>
              <test-case id="1013" name="IsEditorOnlyPath_EmptyPath_ReturnsFalse" fullname="ProjectCleanPro.Tests.Editor.PCPAssetUtilsTests.IsEditorOnlyPath_EmptyPath_ReturnsFalse" methodname="IsEditorOnlyPath_EmptyPath_ReturnsFalse" classname="ProjectCleanPro.Tests.Editor.PCPAssetUtilsTests" runstate="Runnable" seed="995896090" result="Passed" start-time="2026-03-29 07:46:16Z" end-time="2026-03-29 07:46:16Z" duration="0.000105" asserts="0">
                <properties>
                  <property name="retryIteration" value="0" />
                  <property name="repeatIteration" value="0" />
                </properties>
              </test-case>
              <test-case id="1008" name="IsEditorOnlyPath_NestedEditor_ReturnsTrue" fullname="ProjectCleanPro.Tests.Editor.PCPAssetUtilsTests.IsEditorOnlyPath_NestedEditor_ReturnsTrue" methodname="IsEditorOnlyPath_NestedEditor_ReturnsTrue" classname="ProjectCleanPro.Tests.Editor.PCPAssetUtilsTests" runstate="Runnable" seed="6479480" result="Passed" start-time="2026-03-29 07:46:16Z" end-time="2026-03-29 07:46:16Z" duration="0.000115" asserts="0">
                <properties>
                  <property name="retryIteration" value="0" />
                  <property name="repeatIteration" value="0" />
                </properties>
              </test-case>
              <test-case id="1010" name="IsEditorOnlyPath_NoEditor_ReturnsFalse" fullname="ProjectCleanPro.Tests.Editor.PCPAssetUtilsTests.IsEditorOnlyPath_NoEditor_ReturnsFalse" methodname="IsEditorOnlyPath_NoEditor_ReturnsFalse" classname="ProjectCleanPro.Tests.Editor.PCPAssetUtilsTests" runstate="Runnable" seed="475485250" result="Passed" start-time="2026-03-29 07:46:16Z" end-time="2026-03-29 07:46:16Z" duration="0.000132" asserts="0">
                <properties>
                  <property name="retryIteration" value="0" />
                  <property name="repeatIteration" value="0" />
                </properties>
              </test-case>
              <test-case id="1012" name="IsEditorOnlyPath_NullPath_ReturnsFalse" fullname="ProjectCleanPro.Tests.Editor.PCPAssetUtilsTests.IsEditorOnlyPath_NullPath_ReturnsFalse" methodname="IsEditorOnlyPath_NullPath_ReturnsFalse" classname="ProjectCleanPro.Tests.Editor.PCPAssetUtilsTests" runstate="Runnable" seed="1904172964" result="Passed" start-time="2026-03-29 07:46:16Z" end-time="2026-03-29 07:46:16Z" duration="0.000107" asserts="0">
                <properties>
                  <property name="retryIteration" value="0" />
                  <property name="repeatIteration" value="0" />
                </properties>
              </test-case>
              <test-case id="1007" name="IsEditorOnlyPath_TopLevelEditor_ReturnsTrue" fullname="ProjectCleanPro.Tests.Editor.PCPAssetUtilsTests.IsEditorOnlyPath_TopLevelEditor_ReturnsTrue" methodname="IsEditorOnlyPath_TopLevelEditor_ReturnsTrue" classname="ProjectCleanPro.Tests.Editor.PCPAssetUtilsTests" runstate="Runnable" seed="8604791" result="Passed" start-time="2026-03-29 07:46:16Z" end-time="2026-03-29 07:46:16Z" duration="0.000156" asserts="0">
                <properties>
                  <property name="retryIteration" value="0" />
                  <property name="repeatIteration" value="0" />
                </properties>
              </test-case>
              <test-case id="1020" name="IsResourcesPath_EmptyPath_ReturnsFalse" fullname="ProjectCleanPro.Tests.Editor.PCPAssetUtilsTests.IsResourcesPath_EmptyPath_ReturnsFalse" methodname="IsResourcesPath_EmptyPath_ReturnsFalse" classname="ProjectCleanPro.Tests.Editor.PCPAssetUtilsTests" runstate="Runnable" seed="158635608" result="Passed" start-time="2026-03-29 07:46:16Z" end-time="2026-03-29 07:46:16Z" duration="0.000171" asserts="0">
                <properties>
                  <property name="retryIteration" value="0" />
                  <property name="repeatIteration" value="0" />
                </properties>
              </test-case>
              <test-case id="1016" name="IsResourcesPath_NestedResources_ReturnsTrue" fullname="ProjectCleanPro.Tests.Editor.PCPAssetUtilsTests.IsResourcesPath_NestedResources_ReturnsTrue" methodname="IsResourcesPath_NestedResources_ReturnsTrue" classname="ProjectCleanPro.Tests.Editor.PCPAssetUtilsTests" runstate="Runnable" seed="317751045" result="Passed" start-time="2026-03-29 07:46:16Z" end-time="2026-03-29 07:46:16Z" duration="0.000113" asserts="0">
                <properties>
                  <property name="retryIteration" value="0" />
                  <property name="repeatIteration" value="0" />
                </properties>
              </test-case>
              <test-case id="1017" name="IsResourcesPath_NoResources_ReturnsFalse" fullname="ProjectCleanPro.Tests.Editor.PCPAssetUtilsTests.IsResourcesPath_NoResources_ReturnsFalse" methodname="IsResourcesPath_NoResources_ReturnsFalse" classname="ProjectCleanPro.Tests.Editor.PCPAssetUtilsTests" runstate="Runnable" seed="2069327156" result="Passed" start-time="2026-03-29 07:46:16Z" end-time="2026-03-29 07:46:16Z" duration="0.000116" asserts="0">
                <properties>
                  <property name="retryIteration" value="0" />
                  <property name="repeatIteration" value="0" />
                </properties>
              </test-case>
              <test-case id="1019" name="IsResourcesPath_NullPath_ReturnsFalse" fullname="ProjectCleanPro.Tests.Editor.PCPAssetUtilsTests.IsResourcesPath_NullPath_ReturnsFalse" methodname="IsResourcesPath_NullPath_ReturnsFalse" classname="ProjectCleanPro.Tests.Editor.PCPAssetUtilsTests" runstate="Runnable" seed="1028871972" result="Passed" start-time="2026-03-29 07:46:16Z" end-time="2026-03-29 07:46:16Z" duration="0.000105" asserts="0">
                <properties>
                  <property name="retryIteration" value="0" />
                  <property name="repeatIteration" value="0" />
                </properties>
              </test-case>
              <test-case id="1018" name="IsResourcesPath_ResourcesInFileName_ReturnsFalse" fullname="ProjectCleanPro.Tests.Editor.PCPAssetUtilsTests.IsResourcesPath_ResourcesInFileName_ReturnsFalse" methodname="IsResourcesPath_ResourcesInFileName_ReturnsFalse" classname="ProjectCleanPro.Tests.Editor.PCPAssetUtilsTests" runstate="Runnable" seed="100836206" result="Passed" start-time="2026-03-29 07:46:16Z" end-time="2026-03-29 07:46:16Z" duration="0.000137" asserts="0">
                <properties>
                  <property name="retryIteration" value="0" />
                  <property name="repeatIteration" value="0" />
                </properties>
              </test-case>
              <test-case id="1015" name="IsResourcesPath_TopLevelResources_ReturnsTrue" fullname="ProjectCleanPro.Tests.Editor.PCPAssetUtilsTests.IsResourcesPath_TopLevelResources_ReturnsTrue" methodname="IsResourcesPath_TopLevelResources_ReturnsTrue" classname="ProjectCleanPro.Tests.Editor.PCPAssetUtilsTests" runstate="Runnable" seed="268147036" result="Passed" start-time="2026-03-29 07:46:16Z" end-time="2026-03-29 07:46:16Z" duration="0.000121" asserts="0">
                <properties>
                  <property name="retryIteration" value="0" />
                  <property name="repeatIteration" value="0" />
                </properties>
              </test-case>
              <test-case id="1004" name="IsScenePath_CaseInsensitive" fullname="ProjectCleanPro.Tests.Editor.PCPAssetUtilsTests.IsScenePath_CaseInsensitive" methodname="IsScenePath_CaseInsensitive" classname="ProjectCleanPro.Tests.Editor.PCPAssetUtilsTests" runstate="Runnable" seed="736763915" result="Passed" start-time="2026-03-29 07:46:16Z" end-time="2026-03-29 07:46:16Z" duration="0.000179" asserts="0">
                <properties>
                  <property name="retryIteration" value="0" />
                  <property name="repeatIteration" value="0" />
                </properties>
              </test-case>
              <test-case id="1006" name="IsScenePath_EmptyPath_ReturnsFalse" fullname="ProjectCleanPro.Tests.Editor.PCPAssetUtilsTests.IsScenePath_EmptyPath_ReturnsFalse" methodname="IsScenePath_EmptyPath_ReturnsFalse" classname="ProjectCleanPro.Tests.Editor.PCPAssetUtilsTests" runstate="Runnable" seed="2089568861" result="Passed" start-time="2026-03-29 07:46:16Z" end-time="2026-03-29 07:46:16Z" duration="0.000123" asserts="0">
                <properties>
                  <property name="retryIteration" value="0" />
                  <property name="repeatIteration" value="0" />
                </properties>
              </test-case>
              <test-case id="1005" name="IsScenePath_NullPath_ReturnsFalse" fullname="ProjectCleanPro.Tests.Editor.PCPAssetUtilsTests.IsScenePath_NullPath_ReturnsFalse" methodname="IsScenePath_NullPath_ReturnsFalse" classname="ProjectCleanPro.Tests.Editor.PCPAssetUtilsTests" runstate="Runnable" seed="1482416750" result="Passed" start-time="2026-03-29 07:46:16Z" end-time="2026-03-29 07:46:16Z" duration="0.000113" asserts="0">
                <properties>
                  <property name="retryIteration" value="0" />
                  <property name="repeatIteration" value="0" />
                </properties>
              </test-case>
              <test-case id="1003" name="IsScenePath_OtherExtension_ReturnsFalse" fullname="ProjectCleanPro.Tests.Editor.PCPAssetUtilsTests.IsScenePath_OtherExtension_ReturnsFalse" methodname="IsScenePath_OtherExtension_ReturnsFalse" classname="ProjectCleanPro.Tests.Editor.PCPAssetUtilsTests" runstate="Runnable" seed="154237239" result="Passed" start-time="2026-03-29 07:46:16Z" end-time="2026-03-29 07:46:16Z" duration="0.000112" asserts="0">
                <properties>
                  <property name="retryIteration" value="0" />
                  <property name="repeatIteration" value="0" />
                </properties>
              </test-case>
              <test-case id="1002" name="IsScenePath_UnityExtension_ReturnsTrue" fullname="ProjectCleanPro.Tests.Editor.PCPAssetUtilsTests.IsScenePath_UnityExtension_ReturnsTrue" methodname="IsScenePath_UnityExtension_ReturnsTrue" classname="ProjectCleanPro.Tests.Editor.PCPAssetUtilsTests" runstate="Runnable" seed="103105" result="Passed" start-time="2026-03-29 07:46:16Z" end-time="2026-03-29 07:46:16Z" duration="0.000108" asserts="0">
                <properties>
                  <property name="retryIteration" value="0" />
                  <property name="repeatIteration" value="0" />
                </properties>
              </test-case>
            </test-suite>
            <test-suite type="TestFixture" id="1032" name="PCPContextTests" fullname="ProjectCleanPro.Tests.Editor.PCPContextTests" classname="ProjectCleanPro.Tests.Editor.PCPContextTests" runstate="Runnable" testcasecount="12" result="Passed" start-time="2026-03-29 07:46:16Z" end-time="2026-03-29 07:46:16Z" duration="0.025233" total="12" passed="12" failed="0" inconclusive="0" skipped="0" asserts="0">
              <properties />
              <test-case id="1043" name="Context_AfterDispose_ServicesStillAccessible" fullname="ProjectCleanPro.Tests.Editor.PCPContextTests.Context_AfterDispose_ServicesStillAccessible" methodname="Context_AfterDispose_ServicesStillAccessible" classname="ProjectCleanPro.Tests.Editor.PCPContextTests" runstate="Runnable" seed="447084736" result="Passed" start-time="2026-03-29 07:46:16Z" end-time="2026-03-29 07:46:16Z" duration="0.009632" asserts="0">
                <properties>
                  <property name="retryIteration" value="0" />
                  <property name="repeatIteration" value="0" />
                </properties>
                <output><![CDATA[[ProjectCleanPro] Scan cache loaded: 325 cached asset(s).
]]></output>
              </test-case>
              <test-case id="1042" name="Context_Dispose_DoesNotThrow" fullname="ProjectCleanPro.Tests.Editor.PCPContextTests.Context_Dispose_DoesNotThrow" methodname="Context_Dispose_DoesNotThrow" classname="ProjectCleanPro.Tests.Editor.PCPContextTests" runstate="Runnable" seed="1197391808" result="Passed" start-time="2026-03-29 07:46:16Z" end-time="2026-03-29 07:46:16Z" duration="0.000712" asserts="0">
                <properties>
                  <property name="retryIteration" value="0" />
                  <property name="repeatIteration" value="0" />
                </properties>
              </test-case>
              <test-case id="1035" name="Context_IgnoreRules_IsNotNull" fullname="ProjectCleanPro.Tests.Editor.PCPContextTests.Context_IgnoreRules_IsNotNull" methodname="Context_IgnoreRules_IsNotNull" classname="ProjectCleanPro.Tests.Editor.PCPContextTests" runstate="Runnable" seed="187477101" result="Passed" start-time="2026-03-29 07:46:16Z" end-time="2026-03-29 07:46:16Z" duration="0.000141" asserts="0">
                <properties>
                  <property name="retryIteration" value="0" />
                  <property name="repeatIteration" value="0" />
                </properties>
              </test-case>
              <test-case id="1039" name="Context_IgnoreRules_ReturnsSameInstance" fullname="ProjectCleanPro.Tests.Editor.PCPContextTests.Context_IgnoreRules_ReturnsSameInstance" methodname="Context_IgnoreRules_ReturnsSameInstance" classname="ProjectCleanPro.Tests.Editor.PCPContextTests" runstate="Runnable" seed="1290520503" result="Passed" start-time="2026-03-29 07:46:16Z" end-time="2026-03-29 07:46:16Z" duration="0.000242" asserts="0">
                <properties>
                  <property name="retryIteration" value="0" />
                  <property name="repeatIteration" value="0" />
                </properties>
              </test-case>
              <test-case id="1041" name="Context_Initialize_DoesNotThrow" fullname="ProjectCleanPro.Tests.Editor.PCPContextTests.Context_Initialize_DoesNotThrow" methodname="Context_Initialize_DoesNotThrow" classname="ProjectCleanPro.Tests.Editor.PCPContextTests" runstate="Runnable" seed="1376047451" result="Passed" start-time="2026-03-29 07:46:16Z" end-time="2026-03-29 07:46:16Z" duration="0.002812" asserts="0">
                <properties>
                  <property name="retryIteration" value="0" />
                  <property name="repeatIteration" value="0" />
                </properties>
                <output><![CDATA[[ProjectCleanPro] Scan cache loaded: 325 cached asset(s).
]]></output>
              </test-case>
              <test-case id="1044" name="Context_InitializeAfterDispose_DoesNotThrow" fullname="ProjectCleanPro.Tests.Editor.PCPContextTests.Context_InitializeAfterDispose_DoesNotThrow" methodname="Context_InitializeAfterDispose_DoesNotThrow" classname="ProjectCleanPro.Tests.Editor.PCPContextTests" runstate="Runnable" seed="1614775423" result="Passed" start-time="2026-03-29 07:46:16Z" end-time="2026-03-29 07:46:16Z" duration="0.002830" asserts="0">
                <properties>
                  <property name="retryIteration" value="0" />
                  <property name="repeatIteration" value="0" />
                </properties>
                <output><![CDATA[[ProjectCleanPro] Scan cache loaded: 325 cached asset(s).
]]></output>
              </test-case>
              <test-case id="1036" name="Context_RenderPipelineDetector_IsNotNull" fullname="ProjectCleanPro.Tests.Editor.PCPContextTests.Context_RenderPipelineDetector_IsNotNull" methodname="Context_RenderPipelineDetector_IsNotNull" classname="ProjectCleanPro.Tests.Editor.PCPContextTests" runstate="Runnable" seed="1606718725" result="Passed" start-time="2026-03-29 07:46:16Z" end-time="2026-03-29 07:46:16Z" duration="0.000138" asserts="0">
                <properties>
                  <property name="retryIteration" value="0" />
                  <property name="repeatIteration" value="0" />
                </properties>
              </test-case>
              <test-case id="1040" name="Context_RenderPipelineDetector_ReturnsSameInstance" fullname="ProjectCleanPro.Tests.Editor.PCPContextTests.Context_RenderPipelineDetector_ReturnsSameInstance" methodname="Context_RenderPipelineDetector_ReturnsSameInstance" classname="ProjectCleanPro.Tests.Editor.PCPContextTests" runstate="Runnable" seed="1773012076" result="Passed" start-time="2026-03-29 07:46:16Z" end-time="2026-03-29 07:46:16Z" duration="0.000118" asserts="0">
                <properties>
                  <property name="retryIteration" value="0" />
                  <property name="repeatIteration" value="0" />
                </properties>
              </test-case>
              <test-case id="1034" name="Context_ScanCache_IsNotNull" fullname="ProjectCleanPro.Tests.Editor.PCPContextTests.Context_ScanCache_IsNotNull" methodname="Context_ScanCache_IsNotNull" classname="ProjectCleanPro.Tests.Editor.PCPContextTests" runstate="Runnable" seed="2039112193" result="Passed" start-time="2026-03-29 07:46:16Z" end-time="2026-03-29 07:46:16Z" duration="0.000109" asserts="0">
                <properties>
                  <property name="retryIteration" value="0" />
                  <property name="repeatIteration" value="0" />
                </properties>
              </test-case>
              <test-case id="1038" name="Context_ScanCache_ReturnsSameInstance" fullname="ProjectCleanPro.Tests.Editor.PCPContextTests.Context_ScanCache_ReturnsSameInstance" methodname="Context_ScanCache_ReturnsSameInstance" classname="ProjectCleanPro.Tests.Editor.PCPContextTests" runstate="Runnable" seed="1648120706" result="Passed" start-time="2026-03-29 07:46:16Z" end-time="2026-03-29 07:46:16Z" duration="0.000115" asserts="0">
                <properties>
                  <property name="retryIteration" value="0" />
                  <property name="repeatIteration" value="0" />
                </properties>
              </test-case>
              <test-case id="1033" name="Context_Settings_IsNotNull" fullname="ProjectCleanPro.Tests.Editor.PCPContextTests.Context_Settings_IsNotNull" methodname="Context_Settings_IsNotNull" classname="ProjectCleanPro.Tests.Editor.PCPContextTests" runstate="Runnable" seed="70620545" result="Passed" start-time="2026-03-29 07:46:16Z" end-time="2026-03-29 07:46:16Z" duration="0.000134" asserts="0">
                <properties>
                  <property name="retryIteration" value="0" />
                  <property name="repeatIteration" value="0" />
                </properties>
              </test-case>
              <test-case id="1037" name="Context_Settings_ReturnsSameInstanceOnMultipleCalls" fullname="ProjectCleanPro.Tests.Editor.PCPContextTests.Context_Settings_ReturnsSameInstanceOnMultipleCalls" methodname="Context_Settings_ReturnsSameInstanceOnMultipleCalls" classname="ProjectCleanPro.Tests.Editor.PCPContextTests" runstate="Runnable" seed="479978657" result="Passed" start-time="2026-03-29 07:46:16Z" end-time="2026-03-29 07:46:16Z" duration="0.000112" asserts="0">
                <properties>
                  <property name="retryIteration" value="0" />
                  <property name="repeatIteration" value="0" />
                </properties>
              </test-case>
            </test-suite>
            <test-suite type="TestFixture" id="1045" name="PCPDataModelTests" fullname="ProjectCleanPro.Tests.Editor.PCPDataModelTests" classname="ProjectCleanPro.Tests.Editor.PCPDataModelTests" runstate="Runnable" testcasecount="18" result="Passed" start-time="2026-03-29 07:46:16Z" end-time="2026-03-29 07:46:16Z" duration="0.012585" total="18" passed="18" failed="0" inconclusive="0" skipped="0" asserts="0">
              <properties />
              <test-case id="1057" name="AssetInfo_FormatBytes_DelegatesToAssetUtils" fullname="ProjectCleanPro.Tests.Editor.PCPDataModelTests.AssetInfo_FormatBytes_DelegatesToAssetUtils" methodname="AssetInfo_FormatBytes_DelegatesToAssetUtils" classname="ProjectCleanPro.Tests.Editor.PCPDataModelTests" runstate="Runnable" seed="1998173314" result="Passed" start-time="2026-03-29 07:46:16Z" end-time="2026-03-29 07:46:16Z" duration="0.000304" asserts="0">
                <properties>
                  <property name="retryIteration" value="0" />
                  <property name="repeatIteration" value="0" />
                </properties>
              </test-case>
              <test-case id="1058" name="AssetInfo_FormatBytes_Zero" fullname="ProjectCleanPro.Tests.Editor.PCPDataModelTests.AssetInfo_FormatBytes_Zero" methodname="AssetInfo_FormatBytes_Zero" classname="ProjectCleanPro.Tests.Editor.PCPDataModelTests" runstate="Runnable" seed="1568843871" result="Passed" start-time="2026-03-29 07:46:16Z" end-time="2026-03-29 07:46:16Z" duration="0.000109" asserts="0">
                <properties>
                  <property name="retryIteration" value="0" />
                  <property name="repeatIteration" value="0" />
                </properties>
              </test-case>
              <test-case id="1056" name="AssetInfo_ToString_ContainsNameAndType" fullname="ProjectCleanPro.Tests.Editor.PCPDataModelTests.AssetInfo_ToString_ContainsNameAndType" methodname="AssetInfo_ToString_ContainsNameAndType" classname="ProjectCleanPro.Tests.Editor.PCPDataModelTests" runstate="Runnable" seed="664624228" result="Passed" start-time="2026-03-29 07:46:16Z" end-time="2026-03-29 07:46:16Z" duration="0.000334" asserts="0">
                <properties>
                  <property name="retryIteration" value="0" />
                  <property name="repeatIteration" value="0" />
                </properties>
              </test-case>
              <test-case id="1047" name="CircularDependency_EmptyChain_ToString_ShowsQuestionMark" fullname="ProjectCleanPro.Tests.Editor.PCPDataModelTests.CircularDependency_EmptyChain_ToString_ShowsQuestionMark" methodname="CircularDependency_EmptyChain_ToString_ShowsQuestionMark" classname="ProjectCleanPro.Tests.Editor.PCPDataModelTests" runstate="Runnable" seed="2132583083" result="Passed" start-time="2026-03-29 07:46:16Z" end-time="2026-03-29 07:46:16Z" duration="0.000278" asserts="0">
                <properties>
                  <property name="retryIteration" value="0" />
                  <property name="repeatIteration" value="0" />
                </properties>
              </test-case>
              <test-case id="1048" name="CircularDependency_SingleElement_ToString" fullname="ProjectCleanPro.Tests.Editor.PCPDataModelTests.CircularDependency_SingleElement_ToString" methodname="CircularDependency_SingleElement_ToString" classname="ProjectCleanPro.Tests.Editor.PCPDataModelTests" runstate="Runnable" seed="1411891979" result="Passed" start-time="2026-03-29 07:46:16Z" end-time="2026-03-29 07:46:16Z" duration="0.000155" asserts="0">
                <properties>
                  <property name="retryIteration" value="0" />
                  <property name="repeatIteration" value="0" />
                </properties>
              </test-case>
              <test-case id="1046" name="CircularDependency_ToString_ShowsChainWithLoop" fullname="ProjectCleanPro.Tests.Editor.PCPDataModelTests.CircularDependency_ToString_ShowsChainWithLoop" methodname="CircularDependency_ToString_ShowsChainWithLoop" classname="ProjectCleanPro.Tests.Editor.PCPDataModelTests" runstate="Runnable" seed="1557343542" result="Passed" start-time="2026-03-29 07:46:16Z" end-time="2026-03-29 07:46:16Z" duration="0.000181" asserts="0">
                <properties>
                  <property name="retryIteration" value="0" />
                  <property name="repeatIteration" value="0" />
                </properties>
              </test-case>
              <test-case id="1050" name="GraphEdge_ToString_ContainsFromAndTo" fullname="ProjectCleanPro.Tests.Editor.PCPDataModelTests.GraphEdge_ToString_ContainsFromAndTo" methodname="GraphEdge_ToString_ContainsFromAndTo" classname="ProjectCleanPro.Tests.Editor.PCPDataModelTests" runstate="Runnable" seed="1668412080" result="Passed" start-time="2026-03-29 07:46:16Z" end-time="2026-03-29 07:46:16Z" duration="0.000196" asserts="0">
                <properties>
                  <property name="retryIteration" value="0" />
                  <property name="repeatIteration" value="0" />
                </properties>
              </test-case>
              <test-case id="1049" name="GraphNode_ToString_ContainsAllFields" fullname="ProjectCleanPro.Tests.Editor.PCPDataModelTests.GraphNode_ToString_ContainsAllFields" methodname="GraphNode_ToString_ContainsAllFields" classname="ProjectCleanPro.Tests.Editor.PCPDataModelTests" runstate="Runnable" seed="1972523614" result="Passed" start-time="2026-03-29 07:46:16Z" end-time="2026-03-29 07:46:16Z" duration="0.000211" asserts="0">
                <properties>
                  <property name="retryIteration" value="0" />
                  <property name="repeatIteration" value="0" />
                </properties>
              </test-case>
              <test-case id="1062" name="IgnoreRule_Defaults" fullname="ProjectCleanPro.Tests.Editor.PCPDataModelTests.IgnoreRule_Defaults" methodname="IgnoreRule_Defaults" classname="ProjectCleanPro.Tests.Editor.PCPDataModelTests" runstate="Runnable" seed="777649825" result="Passed" start-time="2026-03-29 07:46:16Z" end-time="2026-03-29 07:46:16Z" duration="0.000824" asserts="0">
                <properties>
                  <property name="retryIteration" value="0" />
                  <property name="repeatIteration" value="0" />
                </properties>
              </test-case>
              <test-case id="1063" name="IgnoreType_AllValuesExist" fullname="ProjectCleanPro.Tests.Editor.PCPDataModelTests.IgnoreType_AllValuesExist" methodname="IgnoreType_AllValuesExist" classname="ProjectCleanPro.Tests.Editor.PCPDataModelTests" runstate="Runnable" seed="93800501" result="Passed" start-time="2026-03-29 07:46:16Z" end-time="2026-03-29 07:46:16Z" duration="0.000196" asserts="0">
                <properties>
                  <property name="retryIteration" value="0" />
                  <property name="repeatIteration" value="0" />
                </properties>
              </test-case>
              <test-case id="1061" name="RenderPipeline_AllValuesExist" fullname="ProjectCleanPro.Tests.Editor.PCPDataModelTests.RenderPipeline_AllValuesExist" methodname="RenderPipeline_AllValuesExist" classname="ProjectCleanPro.Tests.Editor.PCPDataModelTests" runstate="Runnable" seed="180642087" result="Passed" start-time="2026-03-29 07:46:16Z" end-time="2026-03-29 07:46:16Z" duration="0.000206" asserts="0">
                <properties>
                  <property name="retryIteration" value="0" />
                  <property name="repeatIteration" value="0" />
                </properties>
              </test-case>
              <test-case id="1059" name="RenderPipelineInfo_Properties" fullname="ProjectCleanPro.Tests.Editor.PCPDataModelTests.RenderPipelineInfo_Properties" methodname="RenderPipelineInfo_Properties" classname="ProjectCleanPro.Tests.Editor.PCPDataModelTests" runstate="Runnable" seed="833108333" result="Passed" start-time="2026-03-29 07:46:16Z" end-time="2026-03-29 07:46:16Z" duration="0.000267" asserts="0">
                <properties>
                  <property name="retryIteration" value="0" />
                  <property name="repeatIteration" value="0" />
                </properties>
              </test-case>
              <test-case id="1060" name="RenderPipelineInfo_ToString_ReturnsName" fullname="ProjectCleanPro.Tests.Editor.PCPDataModelTests.RenderPipelineInfo_ToString_ReturnsName" methodname="RenderPipelineInfo_ToString_ReturnsName" classname="ProjectCleanPro.Tests.Editor.PCPDataModelTests" runstate="Runnable" seed="842767484" result="Passed" start-time="2026-03-29 07:46:16Z" end-time="2026-03-29 07:46:16Z" duration="0.000152" asserts="0">
                <properties>
                  <property name="retryIteration" value="0" />
                  <property name="repeatIteration" value="0" />
                </properties>
              </test-case>
              <test-case id="1051" name="UnusedAsset_Path_NullAssetInfo_ReturnsEmpty" fullname="ProjectCleanPro.Tests.Editor.PCPDataModelTests.UnusedAsset_Path_NullAssetInfo_ReturnsEmpty" methodname="UnusedAsset_Path_NullAssetInfo_ReturnsEmpty" classname="ProjectCleanPro.Tests.Editor.PCPDataModelTests" runstate="Runnable" seed="1550706760" result="Passed" start-time="2026-03-29 07:46:16Z" end-time="2026-03-29 07:46:16Z" duration="0.000157" asserts="0">
                <properties>
                  <property name="retryIteration" value="0" />
                  <property name="repeatIteration" value="0" />
                </properties>
              </test-case>
              <test-case id="1053" name="UnusedAsset_Path_ReturnsAssetInfoPath" fullname="ProjectCleanPro.Tests.Editor.PCPDataModelTests.UnusedAsset_Path_ReturnsAssetInfoPath" methodname="UnusedAsset_Path_ReturnsAssetInfoPath" classname="ProjectCleanPro.Tests.Editor.PCPDataModelTests" runstate="Runnable" seed="1745980887" result="Passed" start-time="2026-03-29 07:46:16Z" end-time="2026-03-29 07:46:16Z" duration="0.000136" asserts="0">
                <properties>
                  <property name="retryIteration" value="0" />
                  <property name="repeatIteration" value="0" />
                </properties>
              </test-case>
              <test-case id="1052" name="UnusedAsset_SizeBytes_NullAssetInfo_ReturnsZero" fullname="ProjectCleanPro.Tests.Editor.PCPDataModelTests.UnusedAsset_SizeBytes_NullAssetInfo_ReturnsZero" methodname="UnusedAsset_SizeBytes_NullAssetInfo_ReturnsZero" classname="ProjectCleanPro.Tests.Editor.PCPDataModelTests" runstate="Runnable" seed="631403052" result="Passed" start-time="2026-03-29 07:46:16Z" end-time="2026-03-29 07:46:16Z" duration="0.000560" asserts="0">
                <properties>
                  <property name="retryIteration" value="0" />
                  <property name="repeatIteration" value="0" />
                </properties>
              </test-case>
              <test-case id="1054" name="UnusedAsset_SizeBytes_ReturnsAssetInfoSize" fullname="ProjectCleanPro.Tests.Editor.PCPDataModelTests.UnusedAsset_SizeBytes_ReturnsAssetInfoSize" methodname="UnusedAsset_SizeBytes_ReturnsAssetInfoSize" classname="ProjectCleanPro.Tests.Editor.PCPDataModelTests" runstate="Runnable" seed="605948028" result="Passed" start-time="2026-03-29 07:46:16Z" end-time="2026-03-29 07:46:16Z" duration="0.000146" asserts="0">
                <properties>
                  <property name="retryIteration" value="0" />
                  <property name="repeatIteration" value="0" />
                </properties>
              </test-case>
              <test-case id="1055" name="UnusedAsset_ToString_ContainsSuggestedAction" fullname="ProjectCleanPro.Tests.Editor.PCPDataModelTests.UnusedAsset_ToString_ContainsSuggestedAction" methodname="UnusedAsset_ToString_ContainsSuggestedAction" classname="ProjectCleanPro.Tests.Editor.PCPDataModelTests" runstate="Runnable" seed="1035331366" result="Passed" start-time="2026-03-29 07:46:16Z" end-time="2026-03-29 07:46:16Z" duration="0.000253" asserts="0">
                <properties>
                  <property name="retryIteration" value="0" />
                  <property name="repeatIteration" value="0" />
                </properties>
              </test-case>
            </test-suite>
            <test-suite type="TestFixture" id="1064" name="PCPDependencyResolverTests" fullname="ProjectCleanPro.Tests.Editor.PCPDependencyResolverTests" classname="ProjectCleanPro.Tests.Editor.PCPDependencyResolverTests" runstate="Runnable" testcasecount="7" result="Passed" start-time="2026-03-29 07:46:16Z" end-time="2026-03-29 07:46:16Z" duration="0.011600" total="7" passed="7" failed="0" inconclusive="0" skipped="0" asserts="0">
              <properties />
              <test-case id="1071" name="ScanContext_AllProjectAssets_ReturnsNonNull" fullname="ProjectCleanPro.Tests.Editor.PCPDependencyResolverTests.ScanContext_AllProjectAssets_ReturnsNonNull" methodname="ScanContext_AllProjectAssets_ReturnsNonNull" classname="ProjectCleanPro.Tests.Editor.PCPDependencyResolverTests" runstate="Runnable" seed="1603466960" result="Passed" start-time="2026-03-29 07:46:16Z" end-time="2026-03-29 07:46:16Z" duration="0.004662" asserts="0">
                <properties>
                  <property name="retryIteration" value="0" />
                  <property name="repeatIteration" value="0" />
                </properties>
              </test-case>
              <test-case id="1069" name="ScanContext_Constructor_DoesNotRequireResolver" fullname="ProjectCleanPro.Tests.Editor.PCPDependencyResolverTests.ScanContext_Constructor_DoesNotRequireResolver" methodname="ScanContext_Constructor_DoesNotRequireResolver" classname="ProjectCleanPro.Tests.Editor.PCPDependencyResolverTests" runstate="Runnable" seed="420257687" result="Passed" start-time="2026-03-29 07:46:16Z" end-time="2026-03-29 07:46:16Z" duration="0.000296" asserts="0">
                <properties>
                  <property name="retryIteration" value="0" />
                  <property name="repeatIteration" value="0" />
                </properties>
              </test-case>
              <test-case id="1066" name="ScanContext_FromGlobalContext_Cache_IsNotNull" fullname="ProjectCleanPro.Tests.Editor.PCPDependencyResolverTests.ScanContext_FromGlobalContext_Cache_IsNotNull" methodname="ScanContext_FromGlobalContext_Cache_IsNotNull" classname="ProjectCleanPro.Tests.Editor.PCPDependencyResolverTests" runstate="Runnable" seed="1251266643" result="Passed" start-time="2026-03-29 07:46:16Z" end-time="2026-03-29 07:46:16Z" duration="0.000158" asserts="0">
                <properties>
                  <property name="retryIteration" value="0" />
                  <property name="repeatIteration" value="0" />
                </properties>
              </test-case>
              <test-case id="1065" name="ScanContext_FromGlobalContext_DependencyResolver_StartsNull" fullname="ProjectCleanPro.Tests.Editor.PCPDependencyResolverTests.ScanContext_FromGlobalContext_DependencyResolver_StartsNull" methodname="ScanContext_FromGlobalContext_DependencyResolver_StartsNull" classname="ProjectCleanPro.Tests.Editor.PCPDependencyResolverTests" runstate="Runnable" seed="753801839" result="Passed" start-time="2026-03-29 07:46:16Z" end-time="2026-03-29 07:46:16Z" duration="0.000166" asserts="0">
                <properties>
                  <property name="retryIteration" value="0" />
                  <property name="repeatIteration" value="0" />
                </properties>
              </test-case>
              <test-case id="1068" name="ScanContext_FromGlobalContext_IgnoreRules_IsNotNull" fullname="ProjectCleanPro.Tests.Editor.PCPDependencyResolverTests.ScanContext_FromGlobalContext_IgnoreRules_IsNotNull" methodname="ScanContext_FromGlobalContext_IgnoreRules_IsNotNull" classname="ProjectCleanPro.Tests.Editor.PCPDependencyResolverTests" runstate="Runnable" seed="1738951603" result="Passed" start-time="2026-03-29 07:46:16Z" end-time="2026-03-29 07:46:16Z" duration="0.000190" asserts="0">
                <properties>
                  <property name="retryIteration" value="0" />
                  <property name="repeatIteration" value="0" />
                </properties>
              </test-case>
              <test-case id="1067" name="ScanContext_FromGlobalContext_Settings_IsNotNull" fullname="ProjectCleanPro.Tests.Editor.PCPDependencyResolverTests.ScanContext_FromGlobalContext_Settings_IsNotNull" methodname="ScanContext_FromGlobalContext_Settings_IsNotNull" classname="ProjectCleanPro.Tests.Editor.PCPDependencyResolverTests" runstate="Runnable" seed="112423367" result="Passed" start-time="2026-03-29 07:46:16Z" end-time="2026-03-29 07:46:16Z" duration="0.000153" asserts="0">
                <properties>
                  <property name="retryIteration" value="0" />
                  <property name="repeatIteration" value="0" />
                </properties>
              </test-case>
              <test-case id="1070" name="ScanContext_IgnoreRules_WorksAfterConstruction" fullname="ProjectCleanPro.Tests.Editor.PCPDependencyResolverTests.ScanContext_IgnoreRules_WorksAfterConstruction" methodname="ScanContext_IgnoreRules_WorksAfterConstruction" classname="ProjectCleanPro.Tests.Editor.PCPDependencyResolverTests" runstate="Runnable" seed="1710550395" result="Passed" start-time="2026-03-29 07:46:16Z" end-time="2026-03-29 07:46:16Z" duration="0.000518" asserts="0">
                <properties>
                  <property name="retryIteration" value="0" />
                  <property name="repeatIteration" value="0" />
                </properties>
              </test-case>
            </test-suite>
            <test-suite type="TestFixture" id="1072" name="PCPDuplicateGroupTests" fullname="ProjectCleanPro.Tests.Editor.PCPDuplicateGroupTests" classname="ProjectCleanPro.Tests.Editor.PCPDuplicateGroupTests" runstate="Runnable" testcasecount="21" result="Passed" start-time="2026-03-29 07:46:16Z" end-time="2026-03-29 07:46:16Z" duration="0.014923" total="21" passed="21" failed="0" inconclusive="0" skipped="0" asserts="0">
              <properties />
              <test-case id="1082" name="DuplicateCount_EmptyEntries_ReturnsZero" fullname="ProjectCleanPro.Tests.Editor.PCPDuplicateGroupTests.DuplicateCount_EmptyEntries_ReturnsZero" methodname="DuplicateCount_EmptyEntries_ReturnsZero" classname="ProjectCleanPro.Tests.Editor.PCPDuplicateGroupTests" runstate="Runnable" seed="1501829038" result="Passed" start-time="2026-03-29 07:46:16Z" end-time="2026-03-29 07:46:16Z" duration="0.000523" asserts="0">
                <properties>
                  <property name="retryIteration" value="0" />
                  <property name="repeatIteration" value="0" />
                </properties>
              </test-case>
              <test-case id="1080" name="DuplicateCount_FiveEntries_ReturnsFour" fullname="ProjectCleanPro.Tests.Editor.PCPDuplicateGroupTests.DuplicateCount_FiveEntries_ReturnsFour" methodname="DuplicateCount_FiveEntries_ReturnsFour" classname="ProjectCleanPro.Tests.Editor.PCPDuplicateGroupTests" runstate="Runnable" seed="175906479" result="Passed" start-time="2026-03-29 07:46:16Z" end-time="2026-03-29 07:46:16Z" duration="0.000247" asserts="0">
                <properties>
                  <property name="retryIteration" value="0" />
                  <property name="repeatIteration" value="0" />
                </properties>
              </test-case>
              <test-case id="1083" name="DuplicateCount_NullEntries_ReturnsZero" fullname="ProjectCleanPro.Tests.Editor.PCPDuplicateGroupTests.DuplicateCount_NullEntries_ReturnsZero" methodname="DuplicateCount_NullEntries_ReturnsZero" classname="ProjectCleanPro.Tests.Editor.PCPDuplicateGroupTests" runstate="Runnable" seed="276530513" result="Passed" start-time="2026-03-29 07:46:16Z" end-time="2026-03-29 07:46:16Z" duration="0.000301" asserts="0">
                <properties>
                  <property name="retryIteration" value="0" />
                  <property name="repeatIteration" value="0" />
                </properties>
              </test-case>
              <test-case id="1081" name="DuplicateCount_SingleEntry_ReturnsZero" fullname="ProjectCleanPro.Tests.Editor.PCPDuplicateGroupTests.DuplicateCount_SingleEntry_ReturnsZero" methodname="DuplicateCount_SingleEntry_ReturnsZero" classname="ProjectCleanPro.Tests.Editor.PCPDuplicateGroupTests" runstate="Runnable" seed="375991609" result="Passed" start-time="2026-03-29 07:46:16Z" end-time="2026-03-29 07:46:16Z" duration="0.000132" asserts="0">
                <properties>
                  <property name="retryIteration" value="0" />
                  <property name="repeatIteration" value="0" />
                </properties>
              </test-case>
              <test-case id="1079" name="DuplicateCount_TwoEntries_ReturnsOne" fullname="ProjectCleanPro.Tests.Editor.PCPDuplicateGroupTests.DuplicateCount_TwoEntries_ReturnsOne" methodname="DuplicateCount_TwoEntries_ReturnsOne" classname="ProjectCleanPro.Tests.Editor.PCPDuplicateGroupTests" runstate="Runnable" seed="161050757" result="Passed" start-time="2026-03-29 07:46:16Z" end-time="2026-03-29 07:46:16Z" duration="0.000155" asserts="0">
                <properties>
                  <property name="retryIteration" value="0" />
                  <property name="repeatIteration" value="0" />
                </properties>
              </test-case>
              <test-case id="1093" name="DuplicateEntry_Canonical_ToString_HasTag" fullname="ProjectCleanPro.Tests.Editor.PCPDuplicateGroupTests.DuplicateEntry_Canonical_ToString_HasTag" methodname="DuplicateEntry_Canonical_ToString_HasTag" classname="ProjectCleanPro.Tests.Editor.PCPDuplicateGroupTests" runstate="Runnable" seed="114618715" result="Passed" start-time="2026-03-29 07:46:16Z" end-time="2026-03-29 07:46:16Z" duration="0.000337" asserts="0">
                <properties>
                  <property name="retryIteration" value="0" />
                  <property name="repeatIteration" value="0" />
                </properties>
              </test-case>
              <test-case id="1092" name="DuplicateEntry_ToString_IncludesPath" fullname="ProjectCleanPro.Tests.Editor.PCPDuplicateGroupTests.DuplicateEntry_ToString_IncludesPath" methodname="DuplicateEntry_ToString_IncludesPath" classname="ProjectCleanPro.Tests.Editor.PCPDuplicateGroupTests" runstate="Runnable" seed="575273544" result="Passed" start-time="2026-03-29 07:46:16Z" end-time="2026-03-29 07:46:16Z" duration="0.000234" asserts="0">
                <properties>
                  <property name="retryIteration" value="0" />
                  <property name="repeatIteration" value="0" />
                </properties>
              </test-case>
              <test-case id="1091" name="DuplicateGroup_ToString_ContainsHashPrefix" fullname="ProjectCleanPro.Tests.Editor.PCPDuplicateGroupTests.DuplicateGroup_ToString_ContainsHashPrefix" methodname="DuplicateGroup_ToString_ContainsHashPrefix" classname="ProjectCleanPro.Tests.Editor.PCPDuplicateGroupTests" runstate="Runnable" seed="712446905" result="Passed" start-time="2026-03-29 07:46:16Z" end-time="2026-03-29 07:46:16Z" duration="0.000299" asserts="0">
                <properties>
                  <property name="retryIteration" value="0" />
                  <property name="repeatIteration" value="0" />
                </properties>
              </test-case>
              <test-case id="1090" name="ElectCanonical_AllZeroRefs_ShortestPathWins" fullname="ProjectCleanPro.Tests.Editor.PCPDuplicateGroupTests.ElectCanonical_AllZeroRefs_ShortestPathWins" methodname="ElectCanonical_AllZeroRefs_ShortestPathWins" classname="ProjectCleanPro.Tests.Editor.PCPDuplicateGroupTests" runstate="Runnable" seed="1638726121" result="Passed" start-time="2026-03-29 07:46:16Z" end-time="2026-03-29 07:46:16Z" duration="0.000175" asserts="0">
                <properties>
                  <property name="retryIteration" value="0" />
                  <property name="repeatIteration" value="0" />
                </properties>
              </test-case>
              <test-case id="1086" name="ElectCanonical_ClearsAllCanonicalFirst" fullname="ProjectCleanPro.Tests.Editor.PCPDuplicateGroupTests.ElectCanonical_ClearsAllCanonicalFirst" methodname="ElectCanonical_ClearsAllCanonicalFirst" classname="ProjectCleanPro.Tests.Editor.PCPDuplicateGroupTests" runstate="Runnable" seed="1980176334" result="Passed" start-time="2026-03-29 07:46:16Z" end-time="2026-03-29 07:46:16Z" duration="0.000263" asserts="0">
                <properties>
                  <property name="retryIteration" value="0" />
                  <property name="repeatIteration" value="0" />
                </properties>
              </test-case>
              <test-case id="1088" name="ElectCanonical_EmptyEntries_DoesNotThrow" fullname="ProjectCleanPro.Tests.Editor.PCPDuplicateGroupTests.ElectCanonical_EmptyEntries_DoesNotThrow" methodname="ElectCanonical_EmptyEntries_DoesNotThrow" classname="ProjectCleanPro.Tests.Editor.PCPDuplicateGroupTests" runstate="Runnable" seed="1745489035" result="Passed" start-time="2026-03-29 07:46:16Z" end-time="2026-03-29 07:46:16Z" duration="0.000196" asserts="0">
                <properties>
                  <property name="retryIteration" value="0" />
                  <property name="repeatIteration" value="0" />
                </properties>
              </test-case>
              <test-case id="1084" name="ElectCanonical_HighestRefCount_BecomesCanonical" fullname="ProjectCleanPro.Tests.Editor.PCPDuplicateGroupTests.ElectCanonical_HighestRefCount_BecomesCanonical" methodname="ElectCanonical_HighestRefCount_BecomesCanonical" classname="ProjectCleanPro.Tests.Editor.PCPDuplicateGroupTests" runstate="Runnable" seed="1591229781" result="Passed" start-time="2026-03-29 07:46:16Z" end-time="2026-03-29 07:46:16Z" duration="0.000228" asserts="0">
                <properties>
                  <property name="retryIteration" value="0" />
                  <property name="repeatIteration" value="0" />
                </properties>
              </test-case>
              <test-case id="1089" name="ElectCanonical_NullEntries_DoesNotThrow" fullname="ProjectCleanPro.Tests.Editor.PCPDuplicateGroupTests.ElectCanonical_NullEntries_DoesNotThrow" methodname="ElectCanonical_NullEntries_DoesNotThrow" classname="ProjectCleanPro.Tests.Editor.PCPDuplicateGroupTests" runstate="Runnable" seed="625097131" result="Passed" start-time="2026-03-29 07:46:16Z" end-time="2026-03-29 07:46:16Z" duration="0.000396" asserts="0">
                <properties>
                  <property name="retryIteration" value="0" />
                  <property name="repeatIteration" value="0" />
                </properties>
              </test-case>
              <test-case id="1087" name="ElectCanonical_SingleEntry_BecomesCanonical" fullname="ProjectCleanPro.Tests.Editor.PCPDuplicateGroupTests.ElectCanonical_SingleEntry_BecomesCanonical" methodname="ElectCanonical_SingleEntry_BecomesCanonical" classname="ProjectCleanPro.Tests.Editor.PCPDuplicateGroupTests" runstate="Runnable" seed="1297607815" result="Passed" start-time="2026-03-29 07:46:16Z" end-time="2026-03-29 07:46:16Z" duration="0.000160" asserts="0">
                <properties>
                  <property name="retryIteration" value="0" />
                  <property name="repeatIteration" value="0" />
                </properties>
              </test-case>
              <test-case id="1085" name="ElectCanonical_TiedRefCount_ShortestPathWins" fullname="ProjectCleanPro.Tests.Editor.PCPDuplicateGroupTests.ElectCanonical_TiedRefCount_ShortestPathWins" methodname="ElectCanonical_TiedRefCount_ShortestPathWins" classname="ProjectCleanPro.Tests.Editor.PCPDuplicateGroupTests" runstate="Runnable" seed="818323121" result="Passed" start-time="2026-03-29 07:46:16Z" end-time="2026-03-29 07:46:16Z" duration="0.000194" asserts="0">
                <properties>
                  <property name="retryIteration" value="0" />
                  <property name="repeatIteration" value="0" />
                </properties>
              </test-case>
              <test-case id="1076" name="WastedBytes_EmptyEntries_ReturnsZero" fullname="ProjectCleanPro.Tests.Editor.PCPDuplicateGroupTests.WastedBytes_EmptyEntries_ReturnsZero" methodname="WastedBytes_EmptyEntries_ReturnsZero" classname="ProjectCleanPro.Tests.Editor.PCPDuplicateGroupTests" runstate="Runnable" seed="1941155463" result="Passed" start-time="2026-03-29 07:46:16Z" end-time="2026-03-29 07:46:16Z" duration="0.000152" asserts="0">
                <properties>
                  <property name="retryIteration" value="0" />
                  <property name="repeatIteration" value="0" />
                </properties>
              </test-case>
              <test-case id="1078" name="WastedBytes_LargeFileSize" fullname="ProjectCleanPro.Tests.Editor.PCPDuplicateGroupTests.WastedBytes_LargeFileSize" methodname="WastedBytes_LargeFileSize" classname="ProjectCleanPro.Tests.Editor.PCPDuplicateGroupTests" runstate="Runnable" seed="1889960228" result="Passed" start-time="2026-03-29 07:46:16Z" end-time="2026-03-29 07:46:16Z" duration="0.000145" asserts="0">
                <properties>
                  <property name="retryIteration" value="0" />
                  <property name="repeatIteration" value="0" />
                </properties>
              </test-case>
              <test-case id="1077" name="WastedBytes_NullEntries_ReturnsZero" fullname="ProjectCleanPro.Tests.Editor.PCPDuplicateGroupTests.WastedBytes_NullEntries_ReturnsZero" methodname="WastedBytes_NullEntries_ReturnsZero" classname="ProjectCleanPro.Tests.Editor.PCPDuplicateGroupTests" runstate="Runnable" seed="1136919286" result="Passed" start-time="2026-03-29 07:46:16Z" end-time="2026-03-29 07:46:16Z" duration="0.000140" asserts="0">
                <properties>
                  <property name="retryIteration" value="0" />
                  <property name="repeatIteration" value="0" />
                </properties>
              </test-case>
              <test-case id="1075" name="WastedBytes_SingleEntry_ReturnsZero" fullname="ProjectCleanPro.Tests.Editor.PCPDuplicateGroupTests.WastedBytes_SingleEntry_ReturnsZero" methodname="WastedBytes_SingleEntry_ReturnsZero" classname="ProjectCleanPro.Tests.Editor.PCPDuplicateGroupTests" runstate="Runnable" seed="1909876518" result="Passed" start-time="2026-03-29 07:46:16Z" end-time="2026-03-29 07:46:16Z" duration="0.000141" asserts="0">
                <properties>
                  <property name="retryIteration" value="0" />
                  <property name="repeatIteration" value="0" />
                </properties>
              </test-case>
              <test-case id="1074" name="WastedBytes_ThreeEntries_ReturnsTwoCopiesSizes" fullname="ProjectCleanPro.Tests.Editor.PCPDuplicateGroupTests.WastedBytes_ThreeEntries_ReturnsTwoCopiesSizes" methodname="WastedBytes_ThreeEntries_ReturnsTwoCopiesSizes" classname="ProjectCleanPro.Tests.Editor.PCPDuplicateGroupTests" runstate="Runnable" seed="1853104740" result="Passed" start-time="2026-03-29 07:46:16Z" end-time="2026-03-29 07:46:16Z" duration="0.000151" asserts="0">
                <properties>
                  <property name="retryIteration" value="0" />
                  <property name="repeatIteration" value="0" />
                </properties>
              </test-case>
              <test-case id="1073" name="WastedBytes_TwoEntries_ReturnsOneCopySize" fullname="ProjectCleanPro.Tests.Editor.PCPDuplicateGroupTests.WastedBytes_TwoEntries_ReturnsOneCopySize" methodname="WastedBytes_TwoEntries_ReturnsOneCopySize" classname="ProjectCleanPro.Tests.Editor.PCPDuplicateGroupTests" runstate="Runnable" seed="123335222" result="Passed" start-time="2026-03-29 07:46:16Z" end-time="2026-03-29 07:46:16Z" duration="0.000137" asserts="0">
                <properties>
                  <property name="retryIteration" value="0" />
                  <property name="repeatIteration" value="0" />
                </properties>
              </test-case>
            </test-suite>
            <test-suite type="TestFixture" id="1094" name="PCPFileUtilsTests" fullname="ProjectCleanPro.Tests.Editor.PCPFileUtilsTests" classname="ProjectCleanPro.Tests.Editor.PCPFileUtilsTests" runstate="Runnable" testcasecount="38" result="Passed" start-time="2026-03-29 07:46:16Z" end-time="2026-03-29 07:46:16Z" duration="0.109672" total="38" passed="38" failed="0" inconclusive="0" skipped="0" asserts="0">
              <properties />
              <test-case id="1111" name="ComputeNormalizedSHA256_NonExistent_Throws" fullname="ProjectCleanPro.Tests.Editor.PCPFileUtilsTests.ComputeNormalizedSHA256_NonExistent_Throws" methodname="ComputeNormalizedSHA256_NonExistent_Throws" classname="ProjectCleanPro.Tests.Editor.PCPFileUtilsTests" runstate="Runnable" seed="117443416" result="Passed" start-time="2026-03-29 07:46:16Z" end-time="2026-03-29 07:46:16Z" duration="0.006844" asserts="0">
                <properties>
                  <property name="retryIteration" value="0" />
                  <property name="repeatIteration" value="0" />
                </properties>
              </test-case>
              <test-case id="1107" name="ComputeNormalizedSHA256_NonYaml_SameAsRegularSHA256" fullname="ProjectCleanPro.Tests.Editor.PCPFileUtilsTests.ComputeNormalizedSHA256_NonYaml_SameAsRegularSHA256" methodname="ComputeNormalizedSHA256_NonYaml_SameAsRegularSHA256" classname="ProjectCleanPro.Tests.Editor.PCPFileUtilsTests" runstate="Runnable" seed="1376260201" result="Passed" start-time="2026-03-29 07:46:16Z" end-time="2026-03-29 07:46:16Z" duration="0.009164" asserts="0">
                <properties>
                  <property name="retryIteration" value="0" />
                  <property name="repeatIteration" value="0" />
                </properties>
              </test-case>
              <test-case id="1110" name="ComputeNormalizedSHA256_NullPath_Throws" fullname="ProjectCleanPro.Tests.Editor.PCPFileUtilsTests.ComputeNormalizedSHA256_NullPath_Throws" methodname="ComputeNormalizedSHA256_NullPath_Throws" classname="ProjectCleanPro.Tests.Editor.PCPFileUtilsTests" runstate="Runnable" seed="208189102" result="Passed" start-time="2026-03-29 07:46:16Z" end-time="2026-03-29 07:46:16Z" duration="0.000938" asserts="0">
                <properties>
                  <property name="retryIteration" value="0" />
                  <property name="repeatIteration" value="0" />
                </properties>
              </test-case>
              <test-case id="1109" name="ComputeNormalizedSHA256_YamlWithDifferentContent_DifferentHash" fullname="ProjectCleanPro.Tests.Editor.PCPFileUtilsTests.ComputeNormalizedSHA256_YamlWithDifferentContent_DifferentHash" methodname="ComputeNormalizedSHA256_YamlWithDifferentContent_DifferentHash" classname="ProjectCleanPro.Tests.Editor.PCPFileUtilsTests" runstate="Runnable" seed="465947627" result="Passed" start-time="2026-03-29 07:46:16Z" end-time="2026-03-29 07:46:16Z" duration="0.007022" asserts="0">
                <properties>
                  <property name="retryIteration" value="0" />
                  <property name="repeatIteration" value="0" />
                </properties>
              </test-case>
              <test-case id="1108" name="ComputeNormalizedSHA256_YamlWithDifferentNames_SameHash" fullname="ProjectCleanPro.Tests.Editor.PCPFileUtilsTests.ComputeNormalizedSHA256_YamlWithDifferentNames_SameHash" methodname="ComputeNormalizedSHA256_YamlWithDifferentNames_SameHash" classname="ProjectCleanPro.Tests.Editor.PCPFileUtilsTests" runstate="Runnable" seed="2017430294" result="Passed" start-time="2026-03-29 07:46:16Z" end-time="2026-03-29 07:46:16Z" duration="0.005388" asserts="0">
                <properties>
                  <property name="retryIteration" value="0" />
                  <property name="repeatIteration" value="0" />
                </properties>
              </test-case>
              <test-case id="1097" name="ComputeSHA256_DifferentContent_DifferentHash" fullname="ProjectCleanPro.Tests.Editor.PCPFileUtilsTests.ComputeSHA256_DifferentContent_DifferentHash" methodname="ComputeSHA256_DifferentContent_DifferentHash" classname="ProjectCleanPro.Tests.Editor.PCPFileUtilsTests" runstate="Runnable" seed="1623834963" result="Passed" start-time="2026-03-29 07:46:16Z" end-time="2026-03-29 07:46:16Z" duration="0.004794" asserts="0">
                <properties>
                  <property name="retryIteration" value="0" />
                  <property name="repeatIteration" value="0" />
                </properties>
              </test-case>
              <test-case id="1098" name="ComputeSHA256_EmptyFile_ProducesHash" fullname="ProjectCleanPro.Tests.Editor.PCPFileUtilsTests.ComputeSHA256_EmptyFile_ProducesHash" methodname="ComputeSHA256_EmptyFile_ProducesHash" classname="ProjectCleanPro.Tests.Editor.PCPFileUtilsTests" runstate="Runnable" seed="680549750" result="Passed" start-time="2026-03-29 07:46:16Z" end-time="2026-03-29 07:46:16Z" duration="0.001258" asserts="0">
                <properties>
                  <property name="retryIteration" value="0" />
                  <property name="repeatIteration" value="0" />
                </properties>
              </test-case>
              <test-case id="1100" name="ComputeSHA256_EmptyPath_ThrowsArgumentNull" fullname="ProjectCleanPro.Tests.Editor.PCPFileUtilsTests.ComputeSHA256_EmptyPath_ThrowsArgumentNull" methodname="ComputeSHA256_EmptyPath_ThrowsArgumentNull" classname="ProjectCleanPro.Tests.Editor.PCPFileUtilsTests" runstate="Runnable" seed="109146496" result="Passed" start-time="2026-03-29 07:46:16Z" end-time="2026-03-29 07:46:16Z" duration="0.000809" asserts="0">
                <properties>
                  <property name="retryIteration" value="0" />
                  <property name="repeatIteration" value="0" />
                </properties>
              </test-case>
              <test-case id="1101" name="ComputeSHA256_NonExistentFile_ThrowsFileNotFound" fullname="ProjectCleanPro.Tests.Editor.PCPFileUtilsTests.ComputeSHA256_NonExistentFile_ThrowsFileNotFound" methodname="ComputeSHA256_NonExistentFile_ThrowsFileNotFound" classname="ProjectCleanPro.Tests.Editor.PCPFileUtilsTests" runstate="Runnable" seed="2132088510" result="Passed" start-time="2026-03-29 07:46:16Z" end-time="2026-03-29 07:46:16Z" duration="0.001166" asserts="0">
                <properties>
                  <property name="retryIteration" value="0" />
                  <property name="repeatIteration" value="0" />
                </properties>
              </test-case>
              <test-case id="1099" name="ComputeSHA256_NullPath_ThrowsArgumentNull" fullname="ProjectCleanPro.Tests.Editor.PCPFileUtilsTests.ComputeSHA256_NullPath_ThrowsArgumentNull" methodname="ComputeSHA256_NullPath_ThrowsArgumentNull" classname="ProjectCleanPro.Tests.Editor.PCPFileUtilsTests" runstate="Runnable" seed="1539801353" result="Passed" start-time="2026-03-29 07:46:16Z" end-time="2026-03-29 07:46:16Z" duration="0.000780" asserts="0">
                <properties>
                  <property name="retryIteration" value="0" />
                  <property name="repeatIteration" value="0" />
                </properties>
              </test-case>
              <test-case id="1095" name="ComputeSHA256_ReturnsLowercase64CharHex" fullname="ProjectCleanPro.Tests.Editor.PCPFileUtilsTests.ComputeSHA256_ReturnsLowercase64CharHex" methodname="ComputeSHA256_ReturnsLowercase64CharHex" classname="ProjectCleanPro.Tests.Editor.PCPFileUtilsTests" runstate="Runnable" seed="1958621183" result="Passed" start-time="2026-03-29 07:46:16Z" end-time="2026-03-29 07:46:16Z" duration="0.004621" asserts="0">
                <properties>
                  <property name="retryIteration" value="0" />
                  <property name="repeatIteration" value="0" />
                </properties>
              </test-case>
              <test-case id="1096" name="ComputeSHA256_SameContent_SameHash" fullname="ProjectCleanPro.Tests.Editor.PCPFileUtilsTests.ComputeSHA256_SameContent_SameHash" methodname="ComputeSHA256_SameContent_SameHash" classname="ProjectCleanPro.Tests.Editor.PCPFileUtilsTests" runstate="Runnable" seed="511003182" result="Passed" start-time="2026-03-29 07:46:16Z" end-time="2026-03-29 07:46:16Z" duration="0.005268" asserts="0">
                <properties>
                  <property name="retryIteration" value="0" />
                  <property name="repeatIteration" value="0" />
                </properties>
              </test-case>
              <test-case id="1120" name="CopyFileWithDirectories_CopiesContent" fullname="ProjectCleanPro.Tests.Editor.PCPFileUtilsTests.CopyFileWithDirectories_CopiesContent" methodname="CopyFileWithDirectories_CopiesContent" classname="ProjectCleanPro.Tests.Editor.PCPFileUtilsTests" runstate="Runnable" seed="858268726" result="Passed" start-time="2026-03-29 07:46:16Z" end-time="2026-03-29 07:46:16Z" duration="0.005752" asserts="0">
                <properties>
                  <property name="retryIteration" value="0" />
                  <property name="repeatIteration" value="0" />
                </properties>
              </test-case>
              <test-case id="1123" name="CopyFileWithDirectories_NullDest_Throws" fullname="ProjectCleanPro.Tests.Editor.PCPFileUtilsTests.CopyFileWithDirectories_NullDest_Throws" methodname="CopyFileWithDirectories_NullDest_Throws" classname="ProjectCleanPro.Tests.Editor.PCPFileUtilsTests" runstate="Runnable" seed="1320272616" result="Passed" start-time="2026-03-29 07:46:16Z" end-time="2026-03-29 07:46:16Z" duration="0.001290" asserts="0">
                <properties>
                  <property name="retryIteration" value="0" />
                  <property name="repeatIteration" value="0" />
                </properties>
              </test-case>
              <test-case id="1122" name="CopyFileWithDirectories_NullSource_Throws" fullname="ProjectCleanPro.Tests.Editor.PCPFileUtilsTests.CopyFileWithDirectories_NullSource_Throws" methodname="CopyFileWithDirectories_NullSource_Throws" classname="ProjectCleanPro.Tests.Editor.PCPFileUtilsTests" runstate="Runnable" seed="893621091" result="Passed" start-time="2026-03-29 07:46:16Z" end-time="2026-03-29 07:46:16Z" duration="0.000867" asserts="0">
                <properties>
                  <property name="retryIteration" value="0" />
                  <property name="repeatIteration" value="0" />
                </properties>
              </test-case>
              <test-case id="1121" name="CopyFileWithDirectories_OverwritesExisting" fullname="ProjectCleanPro.Tests.Editor.PCPFileUtilsTests.CopyFileWithDirectories_OverwritesExisting" methodname="CopyFileWithDirectories_OverwritesExisting" classname="ProjectCleanPro.Tests.Editor.PCPFileUtilsTests" runstate="Runnable" seed="55588566" result="Passed" start-time="2026-03-29 07:46:16Z" end-time="2026-03-29 07:46:16Z" duration="0.008031" asserts="0">
                <properties>
                  <property name="retryIteration" value="0" />
                  <property name="repeatIteration" value="0" />
                </properties>
              </test-case>
              <test-case id="1124" name="EnsureDirectoryExists_CreatesNewDirectory" fullname="ProjectCleanPro.Tests.Editor.PCPFileUtilsTests.EnsureDirectoryExists_CreatesNewDirectory" methodname="EnsureDirectoryExists_CreatesNewDirectory" classname="ProjectCleanPro.Tests.Editor.PCPFileUtilsTests" runstate="Runnable" seed="1328554372" result="Passed" start-time="2026-03-29 07:46:16Z" end-time="2026-03-29 07:46:16Z" duration="0.001230" asserts="0">
                <properties>
                  <property name="retryIteration" value="0" />
                  <property name="repeatIteration" value="0" />
                </properties>
              </test-case>
              <test-case id="1127" name="EnsureDirectoryExists_EmptyPath_NoError" fullname="ProjectCleanPro.Tests.Editor.PCPFileUtilsTests.EnsureDirectoryExists_EmptyPath_NoError" methodname="EnsureDirectoryExists_EmptyPath_NoError" classname="ProjectCleanPro.Tests.Editor.PCPFileUtilsTests" runstate="Runnable" seed="361331225" result="Passed" start-time="2026-03-29 07:46:16Z" end-time="2026-03-29 07:46:16Z" duration="0.000734" asserts="0">
                <properties>
                  <property name="retryIteration" value="0" />
                  <property name="repeatIteration" value="0" />
                </properties>
              </test-case>
              <test-case id="1125" name="EnsureDirectoryExists_ExistingDir_NoError" fullname="ProjectCleanPro.Tests.Editor.PCPFileUtilsTests.EnsureDirectoryExists_ExistingDir_NoError" methodname="EnsureDirectoryExists_ExistingDir_NoError" classname="ProjectCleanPro.Tests.Editor.PCPFileUtilsTests" runstate="Runnable" seed="336530827" result="Passed" start-time="2026-03-29 07:46:16Z" end-time="2026-03-29 07:46:16Z" duration="0.000745" asserts="0">
                <properties>
                  <property name="retryIteration" value="0" />
                  <property name="repeatIteration" value="0" />
                </properties>
              </test-case>
              <test-case id="1126" name="EnsureDirectoryExists_NullPath_NoError" fullname="ProjectCleanPro.Tests.Editor.PCPFileUtilsTests.EnsureDirectoryExists_NullPath_NoError" methodname="EnsureDirectoryExists_NullPath_NoError" classname="ProjectCleanPro.Tests.Editor.PCPFileUtilsTests" runstate="Runnable" seed="1232288521" result="Passed" start-time="2026-03-29 07:46:16Z" end-time="2026-03-29 07:46:16Z" duration="0.000744" asserts="0">
                <properties>
                  <property name="retryIteration" value="0" />
                  <property name="repeatIteration" value="0" />
                </properties>
              </test-case>
              <test-case id="1113" name="GetFileSize_EmptyFile_ReturnsZero" fullname="ProjectCleanPro.Tests.Editor.PCPFileUtilsTests.GetFileSize_EmptyFile_ReturnsZero" methodname="GetFileSize_EmptyFile_ReturnsZero" classname="ProjectCleanPro.Tests.Editor.PCPFileUtilsTests" runstate="Runnable" seed="1732800247" result="Passed" start-time="2026-03-29 07:46:16Z" end-time="2026-03-29 07:46:16Z" duration="0.001205" asserts="0">
                <properties>
                  <property name="retryIteration" value="0" />
                  <property name="repeatIteration" value="0" />
                </properties>
              </test-case>
              <test-case id="1116" name="GetFileSize_EmptyPath_ReturnsZero" fullname="ProjectCleanPro.Tests.Editor.PCPFileUtilsTests.GetFileSize_EmptyPath_ReturnsZero" methodname="GetFileSize_EmptyPath_ReturnsZero" classname="ProjectCleanPro.Tests.Editor.PCPFileUtilsTests" runstate="Runnable" seed="2103878814" result="Passed" start-time="2026-03-29 07:46:16Z" end-time="2026-03-29 07:46:16Z" duration="0.000685" asserts="0">
                <properties>
                  <property name="retryIteration" value="0" />
                  <property name="repeatIteration" value="0" />
                </properties>
              </test-case>
              <test-case id="1112" name="GetFileSize_ExistingFile_ReturnsCorrectSize" fullname="ProjectCleanPro.Tests.Editor.PCPFileUtilsTests.GetFileSize_ExistingFile_ReturnsCorrectSize" methodname="GetFileSize_ExistingFile_ReturnsCorrectSize" classname="ProjectCleanPro.Tests.Editor.PCPFileUtilsTests" runstate="Runnable" seed="538593347" result="Passed" start-time="2026-03-29 07:46:16Z" end-time="2026-03-29 07:46:16Z" duration="0.001876" asserts="0">
                <properties>
                  <property name="retryIteration" value="0" />
                  <property name="repeatIteration" value="0" />
                </properties>
              </test-case>
              <test-case id="1114" name="GetFileSize_NonExistent_ReturnsZero" fullname="ProjectCleanPro.Tests.Editor.PCPFileUtilsTests.GetFileSize_NonExistent_ReturnsZero" methodname="GetFileSize_NonExistent_ReturnsZero" classname="ProjectCleanPro.Tests.Editor.PCPFileUtilsTests" runstate="Runnable" seed="1297622217" result="Passed" start-time="2026-03-29 07:46:16Z" end-time="2026-03-29 07:46:16Z" duration="0.000730" asserts="0">
                <properties>
                  <property name="retryIteration" value="0" />
                  <property name="repeatIteration" value="0" />
                </properties>
              </test-case>
[...]
                </properties>
              </test-case>
              <test-case id="1431" name="GetSeverity_HighVariants_ReturnsWarning" fullname="ProjectCleanPro.Tests.Editor.PCPShaderEntryTests.GetSeverity_HighVariants_ReturnsWarning" methodname="GetSeverity_HighVariants_ReturnsWarning" classname="ProjectCleanPro.Tests.Editor.PCPShaderEntryTests" runstate="Runnable" seed="120784545" result="Passed" start-time="2026-03-29 07:46:19Z" end-time="2026-03-29 07:46:19Z" duration="0.000181" asserts="0">
                <properties>
                  <property name="retryIteration" value="0" />
                  <property name="repeatIteration" value="0" />
                </properties>
              </test-case>
              <test-case id="1433" name="GetSeverity_LowVariants_NoIssues_ReturnsInfo" fullname="ProjectCleanPro.Tests.Editor.PCPShaderEntryTests.GetSeverity_LowVariants_NoIssues_ReturnsInfo" methodname="GetSeverity_LowVariants_NoIssues_ReturnsInfo" classname="ProjectCleanPro.Tests.Editor.PCPShaderEntryTests" runstate="Runnable" seed="234808122" result="Passed" start-time="2026-03-29 07:46:19Z" end-time="2026-03-29 07:46:19Z" duration="0.000147" asserts="0">
                <properties>
                  <property name="retryIteration" value="0" />
                  <property name="repeatIteration" value="0" />
                </properties>
              </test-case>
              <test-case id="1428" name="GetSeverity_PipelineMismatch_ReturnsError" fullname="ProjectCleanPro.Tests.Editor.PCPShaderEntryTests.GetSeverity_PipelineMismatch_ReturnsError" methodname="GetSeverity_PipelineMismatch_ReturnsError" classname="ProjectCleanPro.Tests.Editor.PCPShaderEntryTests" runstate="Runnable" seed="102568971" result="Passed" start-time="2026-03-29 07:46:19Z" end-time="2026-03-29 07:46:19Z" duration="0.000150" asserts="0">
                <properties>
                  <property name="retryIteration" value="0" />
                  <property name="repeatIteration" value="0" />
                </properties>
              </test-case>
              <test-case id="1429" name="GetSeverity_PipelineMismatchAndUnused_ErrorTakesPrecedence" fullname="ProjectCleanPro.Tests.Editor.PCPShaderEntryTests.GetSeverity_PipelineMismatchAndUnused_ErrorTakesPrecedence" methodname="GetSeverity_PipelineMismatchAndUnused_ErrorTakesPrecedence" classname="ProjectCleanPro.Tests.Editor.PCPShaderEntryTests" runstate="Runnable" seed="672695065" result="Passed" start-time="2026-03-29 07:46:19Z" end-time="2026-03-29 07:46:19Z" duration="0.000138" asserts="0">
                <properties>
                  <property name="retryIteration" value="0" />
                  <property name="repeatIteration" value="0" />
                </properties>
              </test-case>
              <test-case id="1430" name="GetSeverity_Unused_ReturnsWarning" fullname="ProjectCleanPro.Tests.Editor.PCPShaderEntryTests.GetSeverity_Unused_ReturnsWarning" methodname="GetSeverity_Unused_ReturnsWarning" classname="ProjectCleanPro.Tests.Editor.PCPShaderEntryTests" runstate="Runnable" seed="2129809473" result="Passed" start-time="2026-03-29 07:46:19Z" end-time="2026-03-29 07:46:19Z" duration="0.000146" asserts="0">
                <properties>
                  <property name="retryIteration" value="0" />
                  <property name="repeatIteration" value="0" />
                </properties>
              </test-case>
              <test-case id="1434" name="GetSeverity_ZeroVariants_ReturnsInfo" fullname="ProjectCleanPro.Tests.Editor.PCPShaderEntryTests.GetSeverity_ZeroVariants_ReturnsInfo" methodname="GetSeverity_ZeroVariants_ReturnsInfo" classname="ProjectCleanPro.Tests.Editor.PCPShaderEntryTests" runstate="Runnable" seed="550988656" result="Passed" start-time="2026-03-29 07:46:19Z" end-time="2026-03-29 07:46:19Z" duration="0.000149" asserts="0">
                <properties>
                  <property name="retryIteration" value="0" />
                  <property name="repeatIteration" value="0" />
                </properties>
              </test-case>
              <test-case id="1441" name="GetSummary_ContainsKeywordCount" fullname="ProjectCleanPro.Tests.Editor.PCPShaderEntryTests.GetSummary_ContainsKeywordCount" methodname="GetSummary_ContainsKeywordCount" classname="ProjectCleanPro.Tests.Editor.PCPShaderEntryTests" runstate="Runnable" seed="1838670377" result="Passed" start-time="2026-03-29 07:46:19Z" end-time="2026-03-29 07:46:19Z" duration="0.000221" asserts="0">
                <properties>
                  <property name="retryIteration" value="0" />
                  <property name="repeatIteration" value="0" />
                </properties>
              </test-case>
              <test-case id="1442" name="GetSummary_ContainsMaterialCount" fullname="ProjectCleanPro.Tests.Editor.PCPShaderEntryTests.GetSummary_ContainsMaterialCount" methodname="GetSummary_ContainsMaterialCount" classname="ProjectCleanPro.Tests.Editor.PCPShaderEntryTests" runstate="Runnable" seed="1817123209" result="Passed" start-time="2026-03-29 07:46:19Z" end-time="2026-03-29 07:46:19Z" duration="0.000150" asserts="0">
                <properties>
                  <property name="retryIteration" value="0" />
                  <property name="repeatIteration" value="0" />
                </properties>
              </test-case>
              <test-case id="1440" name="GetSummary_ContainsPassCount" fullname="ProjectCleanPro.Tests.Editor.PCPShaderEntryTests.GetSummary_ContainsPassCount" methodname="GetSummary_ContainsPassCount" classname="ProjectCleanPro.Tests.Editor.PCPShaderEntryTests" runstate="Runnable" seed="739240320" result="Passed" start-time="2026-03-29 07:46:19Z" end-time="2026-03-29 07:46:19Z" duration="0.000146" asserts="0">
                <properties>
                  <property name="retryIteration" value="0" />
                  <property name="repeatIteration" value="0" />
                </properties>
              </test-case>
              <test-case id="1435" name="GetSummary_ContainsShaderName" fullname="ProjectCleanPro.Tests.Editor.PCPShaderEntryTests.GetSummary_ContainsShaderName" methodname="GetSummary_ContainsShaderName" classname="ProjectCleanPro.Tests.Editor.PCPShaderEntryTests" runstate="Runnable" seed="1639488096" result="Passed" start-time="2026-03-29 07:46:19Z" end-time="2026-03-29 07:46:19Z" duration="0.000149" asserts="0">
                <properties>
                  <property name="retryIteration" value="0" />
                  <property name="repeatIteration" value="0" />
                </properties>
              </test-case>
              <test-case id="1439" name="GetSummary_ContainsVariantCount" fullname="ProjectCleanPro.Tests.Editor.PCPShaderEntryTests.GetSummary_ContainsVariantCount" methodname="GetSummary_ContainsVariantCount" classname="ProjectCleanPro.Tests.Editor.PCPShaderEntryTests" runstate="Runnable" seed="1359580722" result="Passed" start-time="2026-03-29 07:46:19Z" end-time="2026-03-29 07:46:19Z" duration="0.000163" asserts="0">
                <properties>
                  <property name="retryIteration" value="0" />
                  <property name="repeatIteration" value="0" />
                </properties>
              </test-case>
              <test-case id="1438" name="GetSummary_NoIssues_NoTags" fullname="ProjectCleanPro.Tests.Editor.PCPShaderEntryTests.GetSummary_NoIssues_NoTags" methodname="GetSummary_NoIssues_NoTags" classname="ProjectCleanPro.Tests.Editor.PCPShaderEntryTests" runstate="Runnable" seed="257083306" result="Passed" start-time="2026-03-29 07:46:19Z" end-time="2026-03-29 07:46:19Z" duration="0.000147" asserts="0">
                <properties>
                  <property name="retryIteration" value="0" />
                  <property name="repeatIteration" value="0" />
                </properties>
              </test-case>
              <test-case id="1436" name="GetSummary_PipelineMismatch_ContainsMismatchTag" fullname="ProjectCleanPro.Tests.Editor.PCPShaderEntryTests.GetSummary_PipelineMismatch_ContainsMismatchTag" methodname="GetSummary_PipelineMismatch_ContainsMismatchTag" classname="ProjectCleanPro.Tests.Editor.PCPShaderEntryTests" runstate="Runnable" seed="442655012" result="Passed" start-time="2026-03-29 07:46:19Z" end-time="2026-03-29 07:46:19Z" duration="0.000146" asserts="0">
                <properties>
                  <property name="retryIteration" value="0" />
                  <property name="repeatIteration" value="0" />
                </properties>
              </test-case>
              <test-case id="1437" name="GetSummary_Unused_ContainsUnusedTag" fullname="ProjectCleanPro.Tests.Editor.PCPShaderEntryTests.GetSummary_Unused_ContainsUnusedTag" methodname="GetSummary_Unused_ContainsUnusedTag" classname="ProjectCleanPro.Tests.Editor.PCPShaderEntryTests" runstate="Runnable" seed="575024342" result="Passed" start-time="2026-03-29 07:46:19Z" end-time="2026-03-29 07:46:19Z" duration="0.000137" asserts="0">
                <properties>
                  <property name="retryIteration" value="0" />
                  <property name="repeatIteration" value="0" />
                </properties>
              </test-case>
              <test-case id="1443" name="ToString_EqualsGetSummary" fullname="ProjectCleanPro.Tests.Editor.PCPShaderEntryTests.ToString_EqualsGetSummary" methodname="ToString_EqualsGetSummary" classname="ProjectCleanPro.Tests.Editor.PCPShaderEntryTests" runstate="Runnable" seed="1201869403" result="Passed" start-time="2026-03-29 07:46:19Z" end-time="2026-03-29 07:46:19Z" duration="0.000267" asserts="0">
                <properties>
                  <property name="retryIteration" value="0" />
                  <property name="repeatIteration" value="0" />
                </properties>
              </test-case>
            </test-suite>
            <test-suite type="TestFixture" id="1444" name="PCPSizeEntryTests" fullname="ProjectCleanPro.Tests.Editor.PCPSizeEntryTests" classname="ProjectCleanPro.Tests.Editor.PCPSizeEntryTests" runstate="Runnable" testcasecount="11" result="Passed" start-time="2026-03-29 07:46:19Z" end-time="2026-03-29 07:46:19Z" duration="0.009900" total="11" passed="11" failed="0" inconclusive="0" skipped="0" asserts="0">
              <properties />
              <test-case id="1446" name="FormattedSize_Kilobytes" fullname="ProjectCleanPro.Tests.Editor.PCPSizeEntryTests.FormattedSize_Kilobytes" methodname="FormattedSize_Kilobytes" classname="ProjectCleanPro.Tests.Editor.PCPSizeEntryTests" runstate="Runnable" seed="1979118723" result="Passed" start-time="2026-03-29 07:46:19Z" end-time="2026-03-29 07:46:19Z" duration="0.000204" asserts="0">
                <properties>
                  <property name="retryIteration" value="0" />
                  <property name="repeatIteration" value="0" />
                </properties>
              </test-case>
              <test-case id="1447" name="FormattedSize_Megabytes" fullname="ProjectCleanPro.Tests.Editor.PCPSizeEntryTests.FormattedSize_Megabytes" methodname="FormattedSize_Megabytes" classname="ProjectCleanPro.Tests.Editor.PCPSizeEntryTests" runstate="Runnable" seed="1138144674" result="Passed" start-time="2026-03-29 07:46:19Z" end-time="2026-03-29 07:46:19Z" duration="0.000161" asserts="0">
                <properties>
                  <property name="retryIteration" value="0" />
                  <property name="repeatIteration" value="0" />
                </properties>
              </test-case>
              <test-case id="1445" name="FormattedSize_ZeroBytes_Returns0B" fullname="ProjectCleanPro.Tests.Editor.PCPSizeEntryTests.FormattedSize_ZeroBytes_Returns0B" methodname="FormattedSize_ZeroBytes_Returns0B" classname="ProjectCleanPro.Tests.Editor.PCPSizeEntryTests" runstate="Runnable" seed="1702005947" result="Passed" start-time="2026-03-29 07:46:19Z" end-time="2026-03-29 07:46:19Z" duration="0.000147" asserts="0">
                <properties>
                  <property name="retryIteration" value="0" />
                  <property name="repeatIteration" value="0" />
                </properties>
              </test-case>
              <test-case id="1454" name="FromAssetInfo_CopiesFields" fullname="ProjectCleanPro.Tests.Editor.PCPSizeEntryTests.FromAssetInfo_CopiesFields" methodname="FromAssetInfo_CopiesFields" classname="ProjectCleanPro.Tests.Editor.PCPSizeEntryTests" runstate="Runnable" seed="670241325" result="Passed" start-time="2026-03-29 07:46:19Z" end-time="2026-03-29 07:46:19Z" duration="0.000295" asserts="0">
                <properties>
                  <property name="retryIteration" value="0" />
                  <property name="repeatIteration" value="0" />
                </properties>
              </test-case>
              <test-case id="1455" name="FromAssetInfo_FolderPath_UsesForwardSlashes" fullname="ProjectCleanPro.Tests.Editor.PCPSizeEntryTests.FromAssetInfo_FolderPath_UsesForwardSlashes" methodname="FromAssetInfo_FolderPath_UsesForwardSlashes" classname="ProjectCleanPro.Tests.Editor.PCPSizeEntryTests" runstate="Runnable" seed="1343319272" result="Passed" start-time="2026-03-29 07:46:19Z" end-time="2026-03-29 07:46:19Z" duration="0.000192" asserts="0">
                <properties>
                  <property name="retryIteration" value="0" />
                  <property name="repeatIteration" value="0" />
                </properties>
              </test-case>
              <test-case id="1449" name="GetSummary_ContainsAssetType" fullname="ProjectCleanPro.Tests.Editor.PCPSizeEntryTests.GetSummary_ContainsAssetType" methodname="GetSummary_ContainsAssetType" classname="ProjectCleanPro.Tests.Editor.PCPSizeEntryTests" runstate="Runnable" seed="1469160634" result="Passed" start-time="2026-03-29 07:46:19Z" end-time="2026-03-29 07:46:19Z" duration="0.000279" asserts="0">
                <properties>
                  <property name="retryIteration" value="0" />
                  <property name="repeatIteration" value="0" />
                </properties>
              </test-case>
              <test-case id="1448" name="GetSummary_ContainsName" fullname="ProjectCleanPro.Tests.Editor.PCPSizeEntryTests.GetSummary_ContainsName" methodname="GetSummary_ContainsName" classname="ProjectCleanPro.Tests.Editor.PCPSizeEntryTests" runstate="Runnable" seed="1159298803" result="Passed" start-time="2026-03-29 07:46:19Z" end-time="2026-03-29 07:46:19Z" duration="0.000146" asserts="0">
                <properties>
                  <property name="retryIteration" value="0" />
                  <property name="repeatIteration" value="0" />
                </properties>
              </test-case>
              <test-case id="1450" name="GetSummary_ContainsPercent" fullname="ProjectCleanPro.Tests.Editor.PCPSizeEntryTests.GetSummary_ContainsPercent" methodname="GetSummary_ContainsPercent" classname="ProjectCleanPro.Tests.Editor.PCPSizeEntryTests" runstate="Runnable" seed="1119267155" result="Passed" start-time="2026-03-29 07:46:19Z" end-time="2026-03-29 07:46:19Z" duration="0.000149" asserts="0">
                <properties>
                  <property name="retryIteration" value="0" />
                  <property name="repeatIteration" value="0" />
                </properties>
              </test-case>
              <test-case id="1451" name="GetSummary_WithOptimization_ContainsSuggestion" fullname="ProjectCleanPro.Tests.Editor.PCPSizeEntryTests.GetSummary_WithOptimization_ContainsSuggestion" methodname="GetSummary_WithOptimization_ContainsSuggestion" classname="ProjectCleanPro.Tests.Editor.PCPSizeEntryTests" runstate="Runnable" seed="780415707" result="Passed" start-time="2026-03-29 07:46:19Z" end-time="2026-03-29 07:46:19Z" duration="0.000171" asserts="0">
                <properties>
                  <property name="retryIteration" value="0" />
                  <property name="repeatIteration" value="0" />
                </properties>
              </test-case>
              <test-case id="1452" name="GetSummary_WithoutOptimization_NoSuggestion" fullname="ProjectCleanPro.Tests.Editor.PCPSizeEntryTests.GetSummary_WithoutOptimization_NoSuggestion" methodname="GetSummary_WithoutOptimization_NoSuggestion" classname="ProjectCleanPro.Tests.Editor.PCPSizeEntryTests" runstate="Runnable" seed="2041669076" result="Passed" start-time="2026-03-29 07:46:19Z" end-time="2026-03-29 07:46:19Z" duration="0.000151" asserts="0">
                <properties>
                  <property name="retryIteration" value="0" />
                  <property name="repeatIteration" value="0" />
                </properties>
              </test-case>
              <test-case id="1453" name="ToString_EqualsGetSummary" fullname="ProjectCleanPro.Tests.Editor.PCPSizeEntryTests.ToString_EqualsGetSummary" methodname="ToString_EqualsGetSummary" classname="ProjectCleanPro.Tests.Editor.PCPSizeEntryTests" runstate="Runnable" seed="1067222806" result="Passed" start-time="2026-03-29 07:46:19Z" end-time="2026-03-29 07:46:19Z" duration="0.000326" asserts="0">
                <properties>
                  <property name="retryIteration" value="0" />
                  <property name="repeatIteration" value="0" />
                </properties>
              </test-case>
            </test-suite>
          </test-suite>
        </test-suite>
      </test-suite>
    </test-suite>
    <test-suite type="Assembly" id="1462" name="Unity.Addressables.DocExampleCode.Editor.Tests.dll" fullname="C:/Ahmed/Dev/Unity/ProjectCleanPro/Library/ScriptAssemblies/Unity.Addressables.DocExampleCode.Editor.Tests.dll" runstate="Runnable" testcasecount="1" result="Passed" start-time="2026-03-29 07:46:19Z" end-time="2026-03-29 07:46:20Z" duration="0.076694" total="1" passed="1" failed="0" inconclusive="0" skipped="0" asserts="0">
      <properties>
        <property name="_PID" value="16336" />
        <property name="_APPDOMAIN" value="Unity Child Domain" />
        <property name="platform" value="EditMode" />
        <property name="EditorOnly" value="True" />
      </properties>
      <test-suite type="TestSuite" id="1463" name="AddressableAssets" fullname="AddressableAssets" runstate="Runnable" testcasecount="1" result="Passed" start-time="2026-03-29 07:46:19Z" end-time="2026-03-29 07:46:20Z" duration="0.073835" total="1" passed="1" failed="0" inconclusive="0" skipped="0" asserts="0">
        <properties />
        <test-suite type="TestSuite" id="1464" name="DocExampleCode" fullname="AddressableAssets.DocExampleCode" runstate="Runnable" testcasecount="1" result="Passed" start-time="2026-03-29 07:46:20Z" end-time="2026-03-29 07:46:20Z" duration="0.001692" total="1" passed="1" failed="0" inconclusive="0" skipped="0" asserts="0">
          <properties />
          <test-suite type="TestFixture" id="1460" name="TestStub" fullname="AddressableAssets.DocExampleCode.TestStub" classname="AddressableAssets.DocExampleCode.TestStub" runstate="Runnable" testcasecount="1" result="Passed" start-time="2026-03-29 07:46:20Z" end-time="2026-03-29 07:46:20Z" duration="0.001092" total="1" passed="1" failed="0" inconclusive="0" skipped="0" asserts="0">
            <properties />
            <test-case id="1461" name="RequiredTest" fullname="AddressableAssets.DocExampleCode.TestStub.RequiredTest" methodname="RequiredTest" classname="AddressableAssets.DocExampleCode.TestStub" runstate="Runnable" seed="959434658" result="Passed" start-time="2026-03-29 07:46:20Z" end-time="2026-03-29 07:46:20Z" duration="0.000159" asserts="0">
              <properties>
                <property name="retryIteration" value="0" />
                <property name="repeatIteration" value="0" />
              </properties>
              <output><![CDATA[Saving results to: C:/Users/ahmed/AppData/LocalLow/DefaultCompany/ProjectCleanPro\TestResults.xml
]]></output>
            </test-case>
          </test-suite>
        </test-suite>
      </test-suite>
    </test-suite>
  </test-suite>
</test-run>